<?xml version="1.0" encoding="UTF-8"?>
<testsuite xmlns:xsi="http://www.w3.org/2001/XMLSchema-instance" xsi:noNamespaceSchemaLocation="https://maven.apache.org/surefire/maven-failsafe-plugin/xsd/failsafe-test-report.xsd" version="3.0.2" name="dev.brunogusmao.api.projects.ProjectControllerIT" time="2.323" tests="10" errors="0" skipped="0" failures="0" flakes="0">
  <properties>
[...]
</properties>
  <testcase name="deleteOfUnknownIdReturnsNotFound" classname="dev.brunogusmao.api.projects.ProjectControllerIT" time="0.014">
    <system-out><![CDATA[2026-09-22T09:01:49.915-03:00  INFO 8195 --- [api-java] [           main] tc.postgres:16-alpine                    : Creating container for image: postgres:16-alpine
2026-09-22T09:01:49.948-03:00  INFO 8195 --- [api-java] [           main] tc.postgres:16-alpine                    : Container postgres:16-alpine is starting: 1cf9451b9837c165f85739b5e638207bec7c64fb1b964782072e25836901d38c
2026-09-22T09:01:51.247-03:00  INFO 8195 --- [api-java] [           main] tc.postgres:16-alpine                    : Container postgres:16-alpine started in PT1.332373539S
2026-09-22T09:01:51.247-03:00  INFO 8195 --- [api-java] [           main] tc.postgres:16-alpine                    : Container is started (JDBC URL: jdbc:postgresql://localhost:32773/test?loggerLevel=OFF)
2026-09-22T09:01:51.248-03:00  INFO 8195 --- [api-java] [           main] t.c.s.AnnotationConfigContextLoaderUtils : Could not detect default configuration classes for test class [dev.brunogusmao.api.projects.ProjectControllerIT]: ProjectControllerIT does not declare any static, non-private, non-final, nested classes annotated with @Configuration.
2026-09-22T09:01:51.253-03:00  INFO 8195 --- [api-java] [           main] .b.t.c.SpringBootTestContextBootstrapper : Found @SpringBootConfiguration dev.brunogusmao.api.ApiApplication for test class dev.brunogusmao.api.projects.ProjectControllerIT
2026-09-22T09:01:51.254-03:00  INFO 8195 --- [api-java] [           main] t.c.s.AnnotationConfigContextLoaderUtils : Could not detect default configuration classes for test class [dev.brunogusmao.api.projects.ProjectControllerIT]: ProjectControllerIT does not declare any static, non-private, non-final, nested classes annotated with @Configuration.
2026-09-22T09:01:51.256-03:00  INFO 8195 --- [api-java] [           main] .b.t.c.SpringBootTestContextBootstrapper : Found @SpringBootConfiguration dev.brunogusmao.api.ApiApplication for test class dev.brunogusmao.api.projects.ProjectControllerIT

  .   ____          _            __ _ _
 /\\ / ___'_ __ _ _(_)_ __  __ _ \ \ \ \
( ( )\___ | '_ | '_| | '_ \/ _` | \ \ \ \
 \\/  ___)| |_)| | | | | || (_| |  ) ) ) )
  '  |____| .__|_| |_|_| |_\__, | / / / /
 =========|_|==============|___/=/_/_/_/

 :: Spring Boot ::                (v4.1.1)

2026-09-22T09:01:51.273-03:00  INFO 8195 --- [api-java] [           main] d.b.api.projects.ProjectControllerIT     : Starting ProjectControllerIT using Java 21.0.12.1 with PID 8195 (started by bruno in /home/bruno/Documentos/Projetos/bruno-gusmao/apps/api-java)
2026-09-22T09:01:51.274-03:00 DEBUG 8195 --- [api-java] [           main] d.b.api.projects.ProjectControllerIT     : Running with Spring Boot v4.1.1, Spring v7.0.9
2026-09-22T09:01:51.274-03:00  INFO 8195 --- [api-java] [           main] d.b.api.projects.ProjectControllerIT     : The following 1 profile is active: "dev"
2026-09-22T09:01:51.379-03:00  INFO 8195 --- [api-java] [           main] .s.d.r.c.RepositoryConfigurationDelegate : Bootstrapping Spring Data JPA repositories in DEFAULT mode.
2026-09-22T09:01:51.388-03:00  INFO 8195 --- [api-java] [           main] .s.d.r.c.RepositoryConfigurationDelegate : Finished Spring Data repository scanning in 7 ms. Found 7 JPA repository interfaces.
2026-09-22T09:01:51.489-03:00  INFO 8195 --- [api-java] [           main] org.flywaydb.core.FlywayExecutor         : Database: jdbc:postgresql://localhost:32773/test?loggerLevel=OFF (PostgreSQL 16.15)
2026-09-22T09:01:51.502-03:00  INFO 8195 --- [api-java] [           main] o.f.c.i.s.JdbcTableSchemaHistory         : Schema history table "public"."flyway_schema_history" does not exist yet
2026-09-22T09:01:51.503-03:00  INFO 8195 --- [api-java] [           main] o.f.core.internal.command.DbValidate     : Successfully validated 7 migrations (execution time 00:00.003s)
2026-09-22T09:01:51.510-03:00  INFO 8195 --- [api-java] [           main] o.f.c.i.s.JdbcTableSchemaHistory         : Creating Schema History table "public"."flyway_schema_history" ...
2026-09-22T09:01:51.529-03:00  INFO 8195 --- [api-java] [           main] o.f.core.internal.command.DbMigrate      : Current version of schema "public": << Empty Schema >>
2026-09-22T09:01:51.531-03:00  INFO 8195 --- [api-java] [           main] o.f.core.internal.command.DbMigrate      : Migrating schema "public" to version "1 - create users"
2026-09-22T09:01:51.542-03:00  INFO 8195 --- [api-java] [           main] o.f.core.internal.command.DbMigrate      : Migrating schema "public" to version "2 - create badges"
2026-09-22T09:01:51.551-03:00  INFO 8195 --- [api-java] [           main] o.f.core.internal.command.DbMigrate      : Migrating schema "public" to version "3 - create projects"
2026-09-22T09:01:51.562-03:00  INFO 8195 --- [api-java] [           main] o.f.core.internal.command.DbMigrate      : Migrating schema "public" to version "4 - create posts"
2026-09-22T09:01:51.573-03:00  INFO 8195 --- [api-java] [           main] o.f.core.internal.command.DbMigrate      : Migrating schema "public" to version "5 - create kanban tasks"
2026-09-22T09:01:51.579-03:00  INFO 8195 --- [api-java] [           main] o.f.core.internal.command.DbMigrate      : Migrating schema "public" to version "6 - create todos"
2026-09-22T09:01:51.588-03:00  INFO 8195 --- [api-java] [           main] o.f.core.internal.command.DbMigrate      : Migrating schema "public" to version "7 - create site settings"
2026-09-22T09:01:51.593-03:00  INFO 8195 --- [api-java] [           main] o.f.core.internal.command.DbMigrate      : Successfully applied 7 migrations to schema "public", now at version v7 (execution time 00:00.035s)
2026-09-22T09:01:51.604-03:00  INFO 8195 --- [api-java] [           main] org.hibernate.orm.jpa                    : HHH008540: Processing PersistenceUnitInfo [name: default]
2026-09-22T09:01:51.616-03:00  INFO 8195 --- [api-java] [           main] o.s.o.j.p.SpringPersistenceUnitInfo      : No LoadTimeWeaver setup: ignoring JPA class transformer
2026-09-22T09:01:51.617-03:00  INFO 8195 --- [api-java] [           main] com.zaxxer.hikari.HikariDataSource       : HikariPool-3 - Starting...
2026-09-22T09:01:51.623-03:00  INFO 8195 --- [api-java] [           main] com.zaxxer.hikari.pool.HikariPool        : HikariPool-3 - Added connection org.postgresql.jdbc.PgConnection@6830774c
2026-09-22T09:01:51.624-03:00  INFO 8195 --- [api-java] [           main] com.zaxxer.hikari.HikariDataSource       : HikariPool-3 - Start completed.
2026-09-22T09:01:51.628-03:00  INFO 8195 --- [api-java] [           main] org.hibernate.orm.connections.pooling    : HHH10001005: Database info:
	Database JDBC URL [jdbc:postgresql://localhost:32773/test?loggerLevel=OFF]
	Database driver: PostgreSQL JDBC Driver
	Database dialect: PostgreSQLDialect
	Database version: 16.15
	Default catalog/schema: test/public
	Autocommit mode: undefined/unknown
	Isolation level: READ_COMMITTED [default READ_COMMITTED]
	JDBC fetch size: none
	Pool: DataSourceConnectionProvider
	Minimum pool size: undefined/unknown
	Maximum pool size: undefined/unknown
2026-09-22T09:01:51.684-03:00  INFO 8195 --- [api-java] [           main] org.hibernate.orm.core                   : HHH000489: No JTA platform available (set 'hibernate.transaction.jta.platform' to enable JTA platform integration)
2026-09-22T09:01:51.702-03:00  INFO 8195 --- [api-java] [           main] j.LocalContainerEntityManagerFactoryBean : Initialized JPA EntityManagerFactory for persistence unit 'default'
2026-09-22T09:01:51.787-03:00 DEBUG 8195 --- [api-java] [           main] swordEncoderAuthenticationManagerBuilder : No authenticationProviders and no parentAuthenticationManager defined. Returning null.
2026-09-22T09:01:51.812-03:00 DEBUG 8195 --- [api-java] [           main] o.s.s.web.DefaultSecurityFilterChain     : Will secure any request with filters: DisableEncodeUrlFilter, WebAsyncManagerIntegrationFilter, SecurityContextHolderFilter, HeaderWriterFilter, CorsFilter, LogoutFilter, OAuth2AuthorizationRequestRedirectFilter, OAuth2ProtectedResourceMetadataFilter, OAuth2LoginAuthenticationFilter, DefaultResourcesFilter, DefaultLoginPageGeneratingFilter, DefaultLogoutPageGeneratingFilter, BearerTokenAuthenticationFilter, RequestCacheAwareFilter, SecurityContextHolderAwareRequestFilter, AnonymousAuthenticationFilter, SessionManagementFilter, ExceptionTranslationFilter, AuthorizationFilter
2026-09-22T09:01:51.889-03:00  INFO 8195 --- [api-java] [           main] d.b.api.projects.ProjectControllerIT     : Started ProjectControllerIT in 0.631 seconds (process running for 12.926)
2026-09-22T09:01:51.890-03:00  WARN 8195 --- [api-java] [           main] o.s.core.events.SpringDocAppInitializer  : SpringDoc /api-docs endpoint is enabled by default. To disable it in production, set the property 'springdoc.api-docs.enabled=false'
2026-09-22T09:01:51.890-03:00  WARN 8195 --- [api-java] [           main] o.s.core.events.SpringDocAppInitializer  : SpringDoc /docs endpoint is enabled by default. To disable it in production, set the property 'springdoc.swagger-ui.enabled=false'
2026-09-22T09:01:51.893-03:00  INFO 8195 --- [api-java] [           main] o.s.b.t.m.w.SpringBootMockServletContext : Initializing Spring TestDispatcherServlet ''
2026-09-22T09:01:51.893-03:00  INFO 8195 --- [api-java] [           main] o.s.t.web.servlet.TestDispatcherServlet  : Initializing Servlet ''
2026-09-22T09:01:51.893-03:00  INFO 8195 --- [api-java] [           main] o.s.t.web.servlet.TestDispatcherServlet  : Completed initialization in 0 ms
Hibernate: select p1_0.id,p1_0.badge1_id,p1_0.badge2_id,p1_0.badge3_id,p1_0.created_at,p1_0.featured,p1_0.image,p1_0.kanban_status,p1_0.name,p1_0.project_url,p1_0.repo_url,p1_0.slug,p1_0.summary,p1_0.updated_at,p1_0.visible from projects p1_0
Hibernate: select b1_0.id,b1_0.bg_color,b1_0.created_at,b1_0.name,b1_0.slug,b1_0.text_color from badges b1_0
2026-09-22T09:01:51.900-03:00 DEBUG 8195 --- [api-java] [           main] o.s.security.web.FilterChainProxy        : Securing DELETE /api/projects/0cb4187b-a480-46fd-9dfa-5750bd505995
2026-09-22T09:01:51.900-03:00 DEBUG 8195 --- [api-java] [           main] o.s.security.web.FilterChainProxy        : Secured DELETE /api/projects/0cb4187b-a480-46fd-9dfa-5750bd505995
Hibernate: select p1_0.id,p1_0.badge1_id,p1_0.badge2_id,p1_0.badge3_id,p1_0.created_at,p1_0.featured,p1_0.image,p1_0.kanban_status,p1_0.name,p1_0.project_url,p1_0.repo_url,p1_0.slug,p1_0.summary,p1_0.updated_at,p1_0.visible from projects p1_0 where p1_0.id=?
]]></system-out>
  </testcase>
  <testcase name="allListWithoutAuthIsUnauthorized" classname="dev.brunogusmao.api.projects.ProjectControllerIT" time="0.007">
    <system-out><![CDATA[2026-09-22T09:01:51.907-03:00  INFO 8195 --- [api-java] [           main] o.s.b.t.m.w.SpringBootMockServletContext : Initializing Spring TestDispatcherServlet ''
2026-09-22T09:01:51.907-03:00  INFO 8195 --- [api-java] [           main] o.s.t.web.servlet.TestDispatcherServlet  : Initializing Servlet ''
2026-09-22T09:01:51.908-03:00  INFO 8195 --- [api-java] [           main] o.s.t.web.servlet.TestDispatcherServlet  : Completed initialization in 1 ms
Hibernate: select p1_0.id,p1_0.badge1_id,p1_0.badge2_id,p1_0.badge3_id,p1_0.created_at,p1_0.featured,p1_0.image,p1_0.kanban_status,p1_0.name,p1_0.project_url,p1_0.repo_url,p1_0.slug,p1_0.summary,p1_0.updated_at,p1_0.visible from projects p1_0
Hibernate: select b1_0.id,b1_0.bg_color,b1_0.created_at,b1_0.name,b1_0.slug,b1_0.text_color from badges b1_0
2026-09-22T09:01:51.912-03:00 DEBUG 8195 --- [api-java] [           main] o.s.security.web.FilterChainProxy        : Securing GET /api/projects/all
2026-09-22T09:01:51.912-03:00 DEBUG 8195 --- [api-java] [           main] o.s.s.w.a.AnonymousAuthenticationFilter  : Set SecurityContextHolder to anonymous SecurityContext
2026-09-22T09:01:51.912-03:00 DEBUG 8195 --- [api-java] [           main] s.w.a.DelegatingAuthenticationEntryPoint : Trying to match using And [Not [RequestHeaderRequestMatcher [expectedHeaderName=X-Requested-With, expectedHeaderValue=XMLHttpRequest]], MediaTypeRequestMatcher [contentNegotiationStrategy=org.springframework.web.accept.ContentNegotiationManager@23b74c27, matchingMediaTypes=[application/xhtml+xml, image/*, text/html, text/plain], useEquals=false, ignoredMediaTypes=[*/*]]]
2026-09-22T09:01:51.912-03:00 DEBUG 8195 --- [api-java] [           main] s.w.a.DelegatingAuthenticationEntryPoint : Trying to match using Or [org.springframework.security.config.annotation.web.configurers.oauth2.server.resource.OAuth2ResourceServerConfigurer$BearerTokenRequestMatcher@327fe02d, RequestHeaderRequestMatcher [expectedHeaderName=X-Requested-With, expectedHeaderValue=XMLHttpRequest], And [Not [MediaTypeRequestMatcher [contentNegotiationStrategy=org.springframework.web.accept.ContentNegotiationManager@23b74c27, matchingMediaTypes=[text/html], useEquals=false, ignoredMediaTypes=[]]], MediaTypeRequestMatcher [contentNegotiationStrategy=org.springframework.web.accept.ContentNegotiationManager@23b74c27, matchingMediaTypes=[application/atom+xml, application/x-www-form-urlencoded, application/json, application/octet-stream, application/xml, multipart/form-data, text/xml], useEquals=false, ignoredMediaTypes=[*/*]]], MediaTypeRequestMatcher [contentNegotiationStrategy=org.springframework.web.accept.ContentNegotiationManager@23b74c27, matchingMediaTypes=[*/*], useEquals=true, ignoredMediaTypes=[]]]
2026-09-22T09:01:51.912-03:00 DEBUG 8195 --- [api-java] [           main] s.w.a.DelegatingAuthenticationEntryPoint : Match found! Executing org.springframework.security.oauth2.server.resource.web.BearerTokenAuthenticationEntryPoint@22437e69
]]></system-out>
  </testcase>
  <testcase name="publicListOnlyShowsVisibleProjects" classname="dev.brunogusmao.api.projects.ProjectControllerIT" time="0.026">
    <system-out><![CDATA[2026-09-22T09:01:51.915-03:00  INFO 8195 --- [api-java] [           main] o.s.b.t.m.w.SpringBootMockServletContext : Initializing Spring TestDispatcherServlet ''
2026-09-22T09:01:51.915-03:00  INFO 8195 --- [api-java] [           main] o.s.t.web.servlet.TestDispatcherServlet  : Initializing Servlet ''
2026-09-22T09:01:51.916-03:00  INFO 8195 --- [api-java] [           main] o.s.t.web.servlet.TestDispatcherServlet  : Completed initialization in 1 ms
Hibernate: select p1_0.id,p1_0.badge1_id,p1_0.badge2_id,p1_0.badge3_id,p1_0.created_at,p1_0.featured,p1_0.image,p1_0.kanban_status,p1_0.name,p1_0.project_url,p1_0.repo_url,p1_0.slug,p1_0.summary,p1_0.updated_at,p1_0.visible from projects p1_0
Hibernate: select b1_0.id,b1_0.bg_color,b1_0.created_at,b1_0.name,b1_0.slug,b1_0.text_color from badges b1_0
Hibernate: insert into projects (badge1_id,badge2_id,badge3_id,created_at,featured,image,kanban_status,name,project_url,repo_url,slug,summary,updated_at,visible,id) values (?,?,?,?,?,?,?,?,?,?,?,?,?,?,?)
Hibernate: insert into projects (badge1_id,badge2_id,badge3_id,created_at,featured,image,kanban_status,name,project_url,repo_url,slug,summary,updated_at,visible,id) values (?,?,?,?,?,?,?,?,?,?,?,?,?,?,?)
Hibernate: insert into projects (badge1_id,badge2_id,badge3_id,created_at,featured,image,kanban_status,name,project_url,repo_url,slug,summary,updated_at,visible,id) values (?,?,?,?,?,?,?,?,?,?,?,?,?,?,?)
2026-09-22T09:01:51.926-03:00 DEBUG 8195 --- [api-java] [           main] o.s.security.web.FilterChainProxy        : Securing GET /api/projects
2026-09-22T09:01:51.926-03:00 DEBUG 8195 --- [api-java] [           main] o.s.s.w.a.AnonymousAuthenticationFilter  : Set SecurityContextHolder to anonymous SecurityContext
2026-09-22T09:01:51.926-03:00 DEBUG 8195 --- [api-java] [           main] o.s.security.web.FilterChainProxy        : Secured GET /api/projects
Hibernate: select p1_0.id,p1_0.badge1_id,p1_0.badge2_id,p1_0.badge3_id,p1_0.created_at,p1_0.featured,p1_0.image,p1_0.kanban_status,p1_0.name,p1_0.project_url,p1_0.repo_url,p1_0.slug,p1_0.summary,p1_0.updated_at,p1_0.visible from projects p1_0 where p1_0.visible=true order by p1_0.featured desc,p1_0.created_at
]]></system-out>
  </testcase>
  <testcase name="patchTogglesVisibility" classname="dev.brunogusmao.api.projects.ProjectControllerIT" time="0.031">
    <system-out><![CDATA[2026-09-22T09:01:51.942-03:00  INFO 8195 --- [api-java] [           main] o.s.b.t.m.w.SpringBootMockServletContext : Initializing Spring TestDispatcherServlet ''
2026-09-22T09:01:51.942-03:00  INFO 8195 --- [api-java] [           main] o.s.t.web.servlet.TestDispatcherServlet  : Initializing Servlet ''
2026-09-22T09:01:51.943-03:00  INFO 8195 --- [api-java] [           main] o.s.t.web.servlet.TestDispatcherServlet  : Completed initialization in 1 ms
Hibernate: select p1_0.id,p1_0.badge1_id,p1_0.badge2_id,p1_0.badge3_id,p1_0.created_at,p1_0.featured,p1_0.image,p1_0.kanban_status,p1_0.name,p1_0.project_url,p1_0.repo_url,p1_0.slug,p1_0.summary,p1_0.updated_at,p1_0.visible from projects p1_0
Hibernate: delete from projects where id=?
Hibernate: delete from projects where id=?
Hibernate: delete from projects where id=?
Hibernate: select b1_0.id,b1_0.bg_color,b1_0.created_at,b1_0.name,b1_0.slug,b1_0.text_color from badges b1_0
Hibernate: insert into projects (badge1_id,badge2_id,badge3_id,created_at,featured,image,kanban_status,name,project_url,repo_url,slug,summary,updated_at,visible,id) values (?,?,?,?,?,?,?,?,?,?,?,?,?,?,?)
2026-09-22T09:01:51.953-03:00 DEBUG 8195 --- [api-java] [           main] o.s.security.web.FilterChainProxy        : Securing PATCH /api/projects/375150e5-f57a-48e8-988f-dc68f3e89c24
2026-09-22T09:01:51.953-03:00 DEBUG 8195 --- [api-java] [           main] o.s.security.web.FilterChainProxy        : Secured PATCH /api/projects/375150e5-f57a-48e8-988f-dc68f3e89c24
Hibernate: select p1_0.id,p1_0.badge1_id,p1_0.badge2_id,p1_0.badge3_id,p1_0.created_at,p1_0.featured,p1_0.image,p1_0.kanban_status,p1_0.name,p1_0.project_url,p1_0.repo_url,p1_0.slug,p1_0.summary,p1_0.updated_at,p1_0.visible from projects p1_0 where p1_0.id=?
Hibernate: update projects set badge1_id=?,badge2_id=?,badge3_id=?,featured=?,image=?,kanban_status=?,name=?,project_url=?,repo_url=?,slug=?,summary=?,updated_at=?,visible=? where id=?
]]></system-out>
  </testcase>
  <testcase name="allListShowsEveryProjectRegardlessOfVisibility" classname="dev.brunogusmao.api.projects.ProjectControllerIT" time="0.015">
    <system-out><![CDATA[2026-09-22T09:01:51.974-03:00  INFO 8195 --- [api-java] [           main] o.s.b.t.m.w.SpringBootMockServletContext : Initializing Spring TestDispatcherServlet ''
2026-09-22T09:01:51.974-03:00  INFO 8195 --- [api-java] [           main] o.s.t.web.servlet.TestDispatcherServlet  : Initializing Servlet ''
2026-09-22T09:01:51.975-03:00  INFO 8195 --- [api-java] [           main] o.s.t.web.servlet.TestDispatcherServlet  : Completed initialization in 1 ms
Hibernate: select p1_0.id,p1_0.badge1_id,p1_0.badge2_id,p1_0.badge3_id,p1_0.created_at,p1_0.featured,p1_0.image,p1_0.kanban_status,p1_0.name,p1_0.project_url,p1_0.repo_url,p1_0.slug,p1_0.summary,p1_0.updated_at,p1_0.visible from projects p1_0
Hibernate: delete from projects where id=?
Hibernate: select b1_0.id,b1_0.bg_color,b1_0.created_at,b1_0.name,b1_0.slug,b1_0.text_color from badges b1_0
Hibernate: insert into projects (badge1_id,badge2_id,badge3_id,created_at,featured,image,kanban_status,name,project_url,repo_url,slug,summary,updated_at,visible,id) values (?,?,?,?,?,?,?,?,?,?,?,?,?,?,?)
Hibernate: insert into projects (badge1_id,badge2_id,badge3_id,created_at,featured,image,kanban_status,name,project_url,repo_url,slug,summary,updated_at,visible,id) values (?,?,?,?,?,?,?,?,?,?,?,?,?,?,?)
2026-09-22T09:01:51.982-03:00 DEBUG 8195 --- [api-java] [           main] o.s.security.web.FilterChainProxy        : Securing GET /api/projects/all
2026-09-22T09:01:51.983-03:00 DEBUG 8195 --- [api-java] [           main] o.s.security.web.FilterChainProxy        : Secured GET /api/projects/all
Hibernate: select p1_0.id,p1_0.badge1_id,p1_0.badge2_id,p1_0.badge3_id,p1_0.created_at,p1_0.featured,p1_0.image,p1_0.kanban_status,p1_0.name,p1_0.project_url,p1_0.repo_url,p1_0.slug,p1_0.summary,p1_0.updated_at,p1_0.visible from projects p1_0 order by p1_0.featured desc,p1_0.created_at
]]></system-out>
  </testcase>
  <testcase name="createWithoutAuthIsUnauthorized" classname="dev.brunogusmao.api.projects.ProjectControllerIT" time="0.01">
    <system-out><![CDATA[2026-09-22T09:01:51.990-03:00  INFO 8195 --- [api-java] [           main] o.s.b.t.m.w.SpringBootMockServletContext : Initializing Spring TestDispatcherServlet ''
2026-09-22T09:01:51.990-03:00  INFO 8195 --- [api-java] [           main] o.s.t.web.servlet.TestDispatcherServlet  : Initializing Servlet ''
2026-09-22T09:01:51.991-03:00  INFO 8195 --- [api-java] [           main] o.s.t.web.servlet.TestDispatcherServlet  : Completed initialization in 1 ms
Hibernate: select p1_0.id,p1_0.badge1_id,p1_0.badge2_id,p1_0.badge3_id,p1_0.created_at,p1_0.featured,p1_0.image,p1_0.kanban_status,p1_0.name,p1_0.project_url,p1_0.repo_url,p1_0.slug,p1_0.summary,p1_0.updated_at,p1_0.visible from projects p1_0
Hibernate: delete from projects where id=?
Hibernate: delete from projects where id=?
Hibernate: select b1_0.id,b1_0.bg_color,b1_0.created_at,b1_0.name,b1_0.slug,b1_0.text_color from badges b1_0
2026-09-22T09:01:51.997-03:00 DEBUG 8195 --- [api-java] [           main] o.s.security.web.FilterChainProxy        : Securing POST /api/projects
2026-09-22T09:01:51.997-03:00 DEBUG 8195 --- [api-java] [           main] o.s.s.w.a.AnonymousAuthenticationFilter  : Set SecurityContextHolder to anonymous SecurityContext
2026-09-22T09:01:51.998-03:00 DEBUG 8195 --- [api-java] [           main] s.w.a.DelegatingAuthenticationEntryPoint : Trying to match using And [Not [RequestHeaderRequestMatcher [expectedHeaderName=X-Requested-With, expectedHeaderValue=XMLHttpRequest]], MediaTypeRequestMatcher [contentNegotiationStrategy=org.springframework.web.accept.ContentNegotiationManager@23b74c27, matchingMediaTypes=[application/xhtml+xml, image/*, text/html, text/plain], useEquals=false, ignoredMediaTypes=[*/*]]]
2026-09-22T09:01:51.998-03:00 DEBUG 8195 --- [api-java] [           main] s.w.a.DelegatingAuthenticationEntryPoint : Trying to match using Or [org.springframework.security.config.annotation.web.configurers.oauth2.server.resource.OAuth2ResourceServerConfigurer$BearerTokenRequestMatcher@327fe02d, RequestHeaderRequestMatcher [expectedHeaderName=X-Requested-With, expectedHeaderValue=XMLHttpRequest], And [Not [MediaTypeRequestMatcher [contentNegotiationStrategy=org.springframework.web.accept.ContentNegotiationManager@23b74c27, matchingMediaTypes=[text/html], useEquals=false, ignoredMediaTypes=[]]], MediaTypeRequestMatcher [contentNegotiationStrategy=org.springframework.web.accept.ContentNegotiationManager@23b74c27, matchingMediaTypes=[application/atom+xml, application/x-www-form-urlencoded, application/json, application/octet-stream, application/xml, multipart/form-data, text/xml], useEquals=false, ignoredMediaTypes=[*/*]]], MediaTypeRequestMatcher [contentNegotiationStrategy=org.springframework.web.accept.ContentNegotiationManager@23b74c27, matchingMediaTypes=[*/*], useEquals=true, ignoredMediaTypes=[]]]
2026-09-22T09:01:51.998-03:00 DEBUG 8195 --- [api-java] [           main] s.w.a.DelegatingAuthenticationEntryPoint : Match found! Executing org.springframework.security.oauth2.server.resource.web.BearerTokenAuthenticationEntryPoint@22437e69
]]></system-out>
  </testcase>
  <testcase name="createPersistsProjectWithBadges" classname="dev.brunogusmao.api.projects.ProjectControllerIT" time="0.023">
    <system-out><![CDATA[2026-09-22T09:01:52.001-03:00  INFO 8195 --- [api-java] [           main] o.s.b.t.m.w.SpringBootMockServletContext : Initializing Spring TestDispatcherServlet ''
2026-09-22T09:01:52.001-03:00  INFO 8195 --- [api-java] [           main] o.s.t.web.servlet.TestDispatcherServlet  : Initializing Servlet ''
2026-09-22T09:01:52.002-03:00  INFO 8195 --- [api-java] [           main] o.s.t.web.servlet.TestDispatcherServlet  : Completed initialization in 1 ms
Hibernate: select p1_0.id,p1_0.badge1_id,p1_0.badge2_id,p1_0.badge3_id,p1_0.created_at,p1_0.featured,p1_0.image,p1_0.kanban_status,p1_0.name,p1_0.project_url,p1_0.repo_url,p1_0.slug,p1_0.summary,p1_0.updated_at,p1_0.visible from projects p1_0
Hibernate: select b1_0.id,b1_0.bg_color,b1_0.created_at,b1_0.name,b1_0.slug,b1_0.text_color from badges b1_0
Hibernate: insert into badges (bg_color,created_at,name,slug,text_color,id) values (?,?,?,?,?,?)
2026-09-22T09:01:52.009-03:00 DEBUG 8195 --- [api-java] [           main] o.s.security.web.FilterChainProxy        : Securing POST /api/projects
2026-09-22T09:01:52.009-03:00 DEBUG 8195 --- [api-java] [           main] o.s.security.web.FilterChainProxy        : Secured POST /api/projects
Hibernate: select b1_0.id,b1_0.bg_color,b1_0.created_at,b1_0.name,b1_0.slug,b1_0.text_color from badges b1_0 where b1_0.id=?
Hibernate: insert into projects (badge1_id,badge2_id,badge3_id,created_at,featured,image,kanban_status,name,project_url,repo_url,slug,summary,updated_at,visible,id) values (?,?,?,?,?,?,?,?,?,?,?,?,?,?,?)
]]></system-out>
  </testcase>
  <testcase name="createWithInvalidSlugIsBadRequest" classname="dev.brunogusmao.api.projects.ProjectControllerIT" time="0.022">
    <system-out><![CDATA[2026-09-22T09:01:52.025-03:00  INFO 8195 --- [api-java] [           main] o.s.b.t.m.w.SpringBootMockServletContext : Initializing Spring TestDispatcherServlet ''
2026-09-22T09:01:52.025-03:00  INFO 8195 --- [api-java] [           main] o.s.t.web.servlet.TestDispatcherServlet  : Initializing Servlet ''
2026-09-22T09:01:52.026-03:00  INFO 8195 --- [api-java] [           main] o.s.t.web.servlet.TestDispatcherServlet  : Completed initialization in 1 ms
Hibernate: select p1_0.id,p1_0.badge1_id,p1_0.badge2_id,p1_0.badge3_id,p1_0.created_at,p1_0.featured,p1_0.image,p1_0.kanban_status,p1_0.name,p1_0.project_url,p1_0.repo_url,p1_0.slug,p1_0.summary,p1_0.updated_at,p1_0.visible from projects p1_0
Hibernate: delete from projects where id=?
Hibernate: select b1_0.id,b1_0.bg_color,b1_0.created_at,b1_0.name,b1_0.slug,b1_0.text_color from badges b1_0
Hibernate: delete from badges where id=?
2026-09-22T09:01:52.034-03:00 DEBUG 8195 --- [api-java] [           main] o.s.security.web.FilterChainProxy        : Securing POST /api/projects
2026-09-22T09:01:52.035-03:00 DEBUG 8195 --- [api-java] [           main] o.s.security.web.FilterChainProxy        : Secured POST /api/projects
]]></system-out>
  </testcase>
  <testcase name="publicListOrdersFeaturedFirst" classname="dev.brunogusmao.api.projects.ProjectControllerIT" time="0.013">
    <system-out><![CDATA[2026-09-22T09:01:52.048-03:00  INFO 8195 --- [api-java] [           main] o.s.b.t.m.w.SpringBootMockServletContext : Initializing Spring TestDispatcherServlet ''
2026-09-22T09:01:52.048-03:00  INFO 8195 --- [api-java] [           main] o.s.t.web.servlet.TestDispatcherServlet  : Initializing Servlet ''
2026-09-22T09:01:52.048-03:00  INFO 8195 --- [api-java] [           main] o.s.t.web.servlet.TestDispatcherServlet  : Completed initialization in 0 ms
Hibernate: select p1_0.id,p1_0.badge1_id,p1_0.badge2_id,p1_0.badge3_id,p1_0.created_at,p1_0.featured,p1_0.image,p1_0.kanban_status,p1_0.name,p1_0.project_url,p1_0.repo_url,p1_0.slug,p1_0.summary,p1_0.updated_at,p1_0.visible from projects p1_0
Hibernate: select b1_0.id,b1_0.bg_color,b1_0.created_at,b1_0.name,b1_0.slug,b1_0.text_color from badges b1_0
Hibernate: insert into projects (badge1_id,badge2_id,badge3_id,created_at,featured,image,kanban_status,name,project_url,repo_url,slug,summary,updated_at,visible,id) values (?,?,?,?,?,?,?,?,?,?,?,?,?,?,?)
Hibernate: insert into projects (badge1_id,badge2_id,badge3_id,created_at,featured,image,kanban_status,name,project_url,repo_url,slug,summary,updated_at,visible,id) values (?,?,?,?,?,?,?,?,?,?,?,?,?,?,?)
2026-09-22T09:01:52.054-03:00 DEBUG 8195 --- [api-java] [           main] o.s.security.web.FilterChainProxy        : Securing GET /api/projects
2026-09-22T09:01:52.055-03:00 DEBUG 8195 --- [api-java] [           main] o.s.s.w.a.AnonymousAuthenticationFilter  : Set SecurityContextHolder to anonymous SecurityContext
2026-09-22T09:01:52.055-03:00 DEBUG 8195 --- [api-java] [           main] o.s.security.web.FilterChainProxy        : Secured GET /api/projects
Hibernate: select p1_0.id,p1_0.badge1_id,p1_0.badge2_id,p1_0.badge3_id,p1_0.created_at,p1_0.featured,p1_0.image,p1_0.kanban_status,p1_0.name,p1_0.project_url,p1_0.repo_url,p1_0.slug,p1_0.summary,p1_0.updated_at,p1_0.visible from projects p1_0 where p1_0.visible=true order by p1_0.featured desc,p1_0.created_at
]]></system-out>
  </testcase>
  <testcase name="patchOfUnknownIdReturnsNotFound" classname="dev.brunogusmao.api.projects.ProjectControllerIT" time="0.01">
    <system-out><![CDATA[2026-09-22T09:01:52.061-03:00  INFO 8195 --- [api-java] [           main] o.s.b.t.m.w.SpringBootMockServletContext : Initializing Spring TestDispatcherServlet ''
2026-09-22T09:01:52.061-03:00  INFO 8195 --- [api-java] [           main] o.s.t.web.servlet.TestDispatcherServlet  : Initializing Servlet ''
2026-09-22T09:01:52.062-03:00  INFO 8195 --- [api-java] [           main] o.s.t.web.servlet.TestDispatcherServlet  : Completed initialization in 1 ms
Hibernate: select p1_0.id,p1_0.badge1_id,p1_0.badge2_id,p1_0.badge3_id,p1_0.created_at,p1_0.featured,p1_0.image,p1_0.kanban_status,p1_0.name,p1_0.project_url,p1_0.repo_url,p1_0.slug,p1_0.summary,p1_0.updated_at,p1_0.visible from projects p1_0
Hibernate: delete from projects where id=?
Hibernate: delete from projects where id=?
Hibernate: select b1_0.id,b1_0.bg_color,b1_0.created_at,b1_0.name,b1_0.slug,b1_0.text_color from badges b1_0
2026-09-22T09:01:52.067-03:00 DEBUG 8195 --- [api-java] [           main] o.s.security.web.FilterChainProxy        : Securing PATCH /api/projects/6f69bc95-0e88-4e55-b889-6daa614c345e
2026-09-22T09:01:52.067-03:00 DEBUG 8195 --- [api-java] [           main] o.s.security.web.FilterChainProxy        : Secured PATCH /api/projects/6f69bc95-0e88-4e55-b889-6daa614c345e
Hibernate: select p1_0.id,p1_0.badge1_id,p1_0.badge2_id,p1_0.badge3_id,p1_0.created_at,p1_0.featured,p1_0.image,p1_0.kanban_status,p1_0.name,p1_0.project_url,p1_0.repo_url,p1_0.slug,p1_0.summary,p1_0.updated_at,p1_0.visible from projects p1_0 where p1_0.id=?
]]></system-out>
  </testcase>
</testsuite>