<?xml version="1.0" encoding="UTF-8"?>
<testsuite xmlns:xsi="http://www.w3.org/2001/XMLSchema-instance" xsi:noNamespaceSchemaLocation="https://maven.apache.org/surefire/maven-failsafe-plugin/xsd/failsafe-test-report.xsd" version="3.0.2" name="dev.brunogusmao.api.todos.TodoControllerIT" time="2.308" tests="9" errors="0" skipped="0" failures="0" flakes="0">
  <properties>
[...]
</properties>
  <testcase name="listWithoutCookieReturns401" classname="dev.brunogusmao.api.todos.TodoControllerIT" time="0.037">
    <system-out><![CDATA[2026-09-22T09:01:58.695-03:00  INFO 8195 --- [api-java] [           main] tc.postgres:16-alpine                    : Creating container for image: postgres:16-alpine
2026-09-22T09:01:58.728-03:00  INFO 8195 --- [api-java] [           main] tc.postgres:16-alpine                    : Container postgres:16-alpine is starting: ac9559b9ac81a7fd653f0b7807342365db640269c96801f55988cef55511f8e1
2026-09-22T09:02:00.023-03:00  INFO 8195 --- [api-java] [           main] tc.postgres:16-alpine                    : Container postgres:16-alpine started in PT1.328491927S
2026-09-22T09:02:00.024-03:00  INFO 8195 --- [api-java] [           main] tc.postgres:16-alpine                    : Container is started (JDBC URL: jdbc:postgresql://localhost:32777/test?loggerLevel=OFF)
2026-09-22T09:02:00.024-03:00  INFO 8195 --- [api-java] [           main] t.c.s.AnnotationConfigContextLoaderUtils : Could not detect default configuration classes for test class [dev.brunogusmao.api.todos.TodoControllerIT]: TodoControllerIT does not declare any static, non-private, non-final, nested classes annotated with @Configuration.
2026-09-22T09:02:00.033-03:00  INFO 8195 --- [api-java] [           main] .b.t.c.SpringBootTestContextBootstrapper : Found @SpringBootConfiguration dev.brunogusmao.api.ApiApplication for test class dev.brunogusmao.api.todos.TodoControllerIT
2026-09-22T09:02:00.033-03:00  INFO 8195 --- [api-java] [           main] t.c.s.AnnotationConfigContextLoaderUtils : Could not detect default configuration classes for test class [dev.brunogusmao.api.todos.TodoControllerIT]: TodoControllerIT does not declare any static, non-private, non-final, nested classes annotated with @Configuration.
2026-09-22T09:02:00.036-03:00  INFO 8195 --- [api-java] [           main] .b.t.c.SpringBootTestContextBootstrapper : Found @SpringBootConfiguration dev.brunogusmao.api.ApiApplication for test class dev.brunogusmao.api.todos.TodoControllerIT

  .   ____          _            __ _ _
 /\\ / ___'_ __ _ _(_)_ __  __ _ \ \ \ \
( ( )\___ | '_ | '_| | '_ \/ _` | \ \ \ \
 \\/  ___)| |_)| | | | | || (_| |  ) ) ) )
  '  |____| .__|_| |_|_| |_\__, | / / / /
 =========|_|==============|___/=/_/_/_/

 :: Spring Boot ::                (v4.1.1)

2026-09-22T09:02:00.051-03:00  INFO 8195 --- [api-java] [           main] d.b.api.todos.TodoControllerIT           : Starting TodoControllerIT using Java 21.0.12.1 with PID 8195 (started by bruno in /home/bruno/Documentos/Projetos/bruno-gusmao/apps/api-java)
2026-09-22T09:02:00.051-03:00 DEBUG 8195 --- [api-java] [           main] d.b.api.todos.TodoControllerIT           : Running with Spring Boot v4.1.1, Spring v7.0.9
2026-09-22T09:02:00.051-03:00  INFO 8195 --- [api-java] [           main] d.b.api.todos.TodoControllerIT           : The following 1 profile is active: "dev"
2026-09-22T09:02:00.145-03:00  INFO 8195 --- [api-java] [           main] .s.d.r.c.RepositoryConfigurationDelegate : Bootstrapping Spring Data JPA repositories in DEFAULT mode.
2026-09-22T09:02:00.153-03:00  INFO 8195 --- [api-java] [           main] .s.d.r.c.RepositoryConfigurationDelegate : Finished Spring Data repository scanning in 6 ms. Found 7 JPA repository interfaces.
2026-09-22T09:02:00.250-03:00  INFO 8195 --- [api-java] [           main] org.flywaydb.core.FlywayExecutor         : Database: jdbc:postgresql://localhost:32777/test?loggerLevel=OFF (PostgreSQL 16.15)
2026-09-22T09:02:00.261-03:00  INFO 8195 --- [api-java] [           main] o.f.c.i.s.JdbcTableSchemaHistory         : Schema history table "public"."flyway_schema_history" does not exist yet
2026-09-22T09:02:00.262-03:00  INFO 8195 --- [api-java] [           main] o.f.core.internal.command.DbValidate     : Successfully validated 7 migrations (execution time 00:00.003s)
2026-09-22T09:02:00.268-03:00  INFO 8195 --- [api-java] [           main] o.f.c.i.s.JdbcTableSchemaHistory         : Creating Schema History table "public"."flyway_schema_history" ...
2026-09-22T09:02:00.285-03:00  INFO 8195 --- [api-java] [           main] o.f.core.internal.command.DbMigrate      : Current version of schema "public": << Empty Schema >>
2026-09-22T09:02:00.287-03:00  INFO 8195 --- [api-java] [           main] o.f.core.internal.command.DbMigrate      : Migrating schema "public" to version "1 - create users"
2026-09-22T09:02:00.297-03:00  INFO 8195 --- [api-java] [           main] o.f.core.internal.command.DbMigrate      : Migrating schema "public" to version "2 - create badges"
2026-09-22T09:02:00.304-03:00  INFO 8195 --- [api-java] [           main] o.f.core.internal.command.DbMigrate      : Migrating schema "public" to version "3 - create projects"
2026-09-22T09:02:00.315-03:00  INFO 8195 --- [api-java] [           main] o.f.core.internal.command.DbMigrate      : Migrating schema "public" to version "4 - create posts"
2026-09-22T09:02:00.324-03:00  INFO 8195 --- [api-java] [           main] o.f.core.internal.command.DbMigrate      : Migrating schema "public" to version "5 - create kanban tasks"
2026-09-22T09:02:00.331-03:00  INFO 8195 --- [api-java] [           main] o.f.core.internal.command.DbMigrate      : Migrating schema "public" to version "6 - create todos"
2026-09-22T09:02:00.339-03:00  INFO 8195 --- [api-java] [           main] o.f.core.internal.command.DbMigrate      : Migrating schema "public" to version "7 - create site settings"
2026-09-22T09:02:00.344-03:00  INFO 8195 --- [api-java] [           main] o.f.core.internal.command.DbMigrate      : Successfully applied 7 migrations to schema "public", now at version v7 (execution time 00:00.034s)
2026-09-22T09:02:00.354-03:00  INFO 8195 --- [api-java] [           main] org.hibernate.orm.jpa                    : HHH008540: Processing PersistenceUnitInfo [name: default]
2026-09-22T09:02:00.368-03:00  INFO 8195 --- [api-java] [           main] o.s.o.j.p.SpringPersistenceUnitInfo      : No LoadTimeWeaver setup: ignoring JPA class transformer
2026-09-22T09:02:00.368-03:00  INFO 8195 --- [api-java] [           main] com.zaxxer.hikari.HikariDataSource       : HikariPool-7 - Starting...
2026-09-22T09:02:00.375-03:00  INFO 8195 --- [api-java] [           main] com.zaxxer.hikari.pool.HikariPool        : HikariPool-7 - Added connection org.postgresql.jdbc.PgConnection@66bccc09
2026-09-22T09:02:00.375-03:00  INFO 8195 --- [api-java] [           main] com.zaxxer.hikari.HikariDataSource       : HikariPool-7 - Start completed.
2026-09-22T09:02:00.379-03:00  INFO 8195 --- [api-java] [           main] org.hibernate.orm.connections.pooling    : HHH10001005: Database info:
	Database JDBC URL [jdbc:postgresql://localhost:32777/test?loggerLevel=OFF]
	Database driver: PostgreSQL JDBC Driver
	Database dialect: PostgreSQLDialect
	Database version: 16.15
	Default catalog/schema: test/public
	Autocommit mode: undefined/unknown
	Isolation level: READ_COMMITTED [default READ_COMMITTED]
	JDBC fetch size: none
	Pool: DataSourceConnectionProvider
	Minimum pool size: undefined/unknown
	Maximum pool size: undefined/unknown
2026-09-22T09:02:00.435-03:00  INFO 8195 --- [api-java] [           main] org.hibernate.orm.core                   : HHH000489: No JTA platform available (set 'hibernate.transaction.jta.platform' to enable JTA platform integration)
2026-09-22T09:02:00.452-03:00  INFO 8195 --- [api-java] [           main] j.LocalContainerEntityManagerFactoryBean : Initialized JPA EntityManagerFactory for persistence unit 'default'
2026-09-22T09:02:00.530-03:00 DEBUG 8195 --- [api-java] [           main] swordEncoderAuthenticationManagerBuilder : No authenticationProviders and no parentAuthenticationManager defined. Returning null.
2026-09-22T09:02:00.555-03:00 DEBUG 8195 --- [api-java] [           main] o.s.s.web.DefaultSecurityFilterChain     : Will secure any request with filters: DisableEncodeUrlFilter, WebAsyncManagerIntegrationFilter, SecurityContextHolderFilter, HeaderWriterFilter, CorsFilter, LogoutFilter, OAuth2AuthorizationRequestRedirectFilter, OAuth2ProtectedResourceMetadataFilter, OAuth2LoginAuthenticationFilter, DefaultResourcesFilter, DefaultLoginPageGeneratingFilter, DefaultLogoutPageGeneratingFilter, BearerTokenAuthenticationFilter, RequestCacheAwareFilter, SecurityContextHolderAwareRequestFilter, AnonymousAuthenticationFilter, SessionManagementFilter, ExceptionTranslationFilter, AuthorizationFilter
2026-09-22T09:02:00.601-03:00  INFO 8195 --- [api-java] [           main] o.s.b.t.m.w.SpringBootMockServletContext : Initializing Spring TestDispatcherServlet ''
2026-09-22T09:02:00.601-03:00  INFO 8195 --- [api-java] [           main] o.s.t.web.servlet.TestDispatcherServlet  : Initializing Servlet ''
2026-09-22T09:02:00.601-03:00  INFO 8195 --- [api-java] [           main] o.s.t.web.servlet.TestDispatcherServlet  : Completed initialization in 0 ms
2026-09-22T09:02:00.613-03:00  INFO 8195 --- [api-java] [           main] d.b.api.todos.TodoControllerIT           : Started TodoControllerIT in 0.575 seconds (process running for 21.65)
2026-09-22T09:02:00.614-03:00  WARN 8195 --- [api-java] [           main] o.s.core.events.SpringDocAppInitializer  : SpringDoc /api-docs endpoint is enabled by default. To disable it in production, set the property 'springdoc.api-docs.enabled=false'
2026-09-22T09:02:00.614-03:00  WARN 8195 --- [api-java] [           main] o.s.core.events.SpringDocAppInitializer  : SpringDoc /docs endpoint is enabled by default. To disable it in production, set the property 'springdoc.swagger-ui.enabled=false'
Hibernate: insert into users (created_at,email,image_url,name,updated_at,id) values (?,?,?,?,?,?)
Hibernate: insert into users (created_at,email,image_url,name,updated_at,id) values (?,?,?,?,?,?)
2026-09-22T09:02:00.648-03:00 DEBUG 8195 --- [api-java] [           main] o.s.security.web.FilterChainProxy        : Securing GET /api/todos
2026-09-22T09:02:00.648-03:00 DEBUG 8195 --- [api-java] [           main] o.s.s.w.a.AnonymousAuthenticationFilter  : Set SecurityContextHolder to anonymous SecurityContext
2026-09-22T09:02:00.648-03:00 DEBUG 8195 --- [api-java] [           main] s.w.a.DelegatingAuthenticationEntryPoint : Trying to match using And [Not [RequestHeaderRequestMatcher [expectedHeaderName=X-Requested-With, expectedHeaderValue=XMLHttpRequest]], MediaTypeRequestMatcher [contentNegotiationStrategy=org.springframework.web.accept.ContentNegotiationManager@503900d7, matchingMediaTypes=[application/xhtml+xml, image/*, text/html, text/plain], useEquals=false, ignoredMediaTypes=[*/*]]]
2026-09-22T09:02:00.648-03:00 DEBUG 8195 --- [api-java] [           main] s.w.a.DelegatingAuthenticationEntryPoint : Trying to match using Or [org.springframework.security.config.annotation.web.configurers.oauth2.server.resource.OAuth2ResourceServerConfigurer$BearerTokenRequestMatcher@6d5edd8e, RequestHeaderRequestMatcher [expectedHeaderName=X-Requested-With, expectedHeaderValue=XMLHttpRequest], And [Not [MediaTypeRequestMatcher [contentNegotiationStrategy=org.springframework.web.accept.ContentNegotiationManager@503900d7, matchingMediaTypes=[text/html], useEquals=false, ignoredMediaTypes=[]]], MediaTypeRequestMatcher [contentNegotiationStrategy=org.springframework.web.accept.ContentNegotiationManager@503900d7, matchingMediaTypes=[application/atom+xml, application/x-www-form-urlencoded, application/json, application/octet-stream, application/xml, multipart/form-data, text/xml], useEquals=false, ignoredMediaTypes=[*/*]]], MediaTypeRequestMatcher [contentNegotiationStrategy=org.springframework.web.accept.ContentNegotiationManager@503900d7, matchingMediaTypes=[*/*], useEquals=true, ignoredMediaTypes=[]]]
2026-09-22T09:02:00.648-03:00 DEBUG 8195 --- [api-java] [           main] s.w.a.DelegatingAuthenticationEntryPoint : Match found! Executing org.springframework.security.oauth2.server.resource.web.BearerTokenAuthenticationEntryPoint@404883c9
]]></system-out>
  </testcase>
  <testcase name="ownerIsAlwaysTheAuthenticatedUserRegardlessOfRequestBody" classname="dev.brunogusmao.api.todos.TodoControllerIT" time="0.033">
    <system-out><![CDATA[Hibernate: insert into users (created_at,email,image_url,name,updated_at,id) values (?,?,?,?,?,?)
Hibernate: insert into users (created_at,email,image_url,name,updated_at,id) values (?,?,?,?,?,?)
2026-09-22T09:02:00.657-03:00 DEBUG 8195 --- [api-java] [           main] o.s.security.web.FilterChainProxy        : Securing POST /api/todos
2026-09-22T09:02:00.664-03:00 DEBUG 8195 --- [api-java] [           main] o.s.s.o.s.r.a.JwtAuthenticationProvider  : Authenticated token
2026-09-22T09:02:00.665-03:00 DEBUG 8195 --- [api-java] [           main] .s.r.w.a.BearerTokenAuthenticationFilter : Set SecurityContextHolder to JwtAuthenticationToken [Principal=org.springframework.security.oauth2.server.resource.authentication.JwtAuthenticationConverter$JwtAuthenticatedPrincipal@265dd248, Credentials=[PROTECTED], Authenticated=true, Details=WebAuthenticationDetails [RemoteIpAddress=127.0.0.1, SessionId=null], Granted Authorities=[FactorGrantedAuthority [authority=FACTOR_BEARER, issuedAt=2026-09-22T12:02:00.664182654Z]]]
2026-09-22T09:02:00.665-03:00 DEBUG 8195 --- [api-java] [           main] o.s.security.web.FilterChainProxy        : Secured POST /api/todos
Hibernate: select u1_0.id,u1_0.created_at,u1_0.email,u1_0.image_url,u1_0.name,u1_0.updated_at from users u1_0 where u1_0.id=?
Hibernate: insert into todos (created_at,description,done,owner_id,shared,title,updated_at,id) values (?,?,?,?,?,?,?,?)
]]></system-out>
  </testcase>
  <testcase name="createWithoutCookieReturns401" classname="dev.brunogusmao.api.todos.TodoControllerIT" time="0.008">
    <system-out><![CDATA[Hibernate: insert into users (created_at,email,image_url,name,updated_at,id) values (?,?,?,?,?,?)
Hibernate: insert into users (created_at,email,image_url,name,updated_at,id) values (?,?,?,?,?,?)
2026-09-22T09:02:00.692-03:00 DEBUG 8195 --- [api-java] [           main] o.s.security.web.FilterChainProxy        : Securing POST /api/todos
2026-09-22T09:02:00.692-03:00 DEBUG 8195 --- [api-java] [           main] o.s.s.w.a.AnonymousAuthenticationFilter  : Set SecurityContextHolder to anonymous SecurityContext
2026-09-22T09:02:00.692-03:00 DEBUG 8195 --- [api-java] [           main] s.w.a.DelegatingAuthenticationEntryPoint : Trying to match using And [Not [RequestHeaderRequestMatcher [expectedHeaderName=X-Requested-With, expectedHeaderValue=XMLHttpRequest]], MediaTypeRequestMatcher [contentNegotiationStrategy=org.springframework.web.accept.ContentNegotiationManager@503900d7, matchingMediaTypes=[application/xhtml+xml, image/*, text/html, text/plain], useEquals=false, ignoredMediaTypes=[*/*]]]
2026-09-22T09:02:00.692-03:00 DEBUG 8195 --- [api-java] [           main] s.w.a.DelegatingAuthenticationEntryPoint : Trying to match using Or [org.springframework.security.config.annotation.web.configurers.oauth2.server.resource.OAuth2ResourceServerConfigurer$BearerTokenRequestMatcher@6d5edd8e, RequestHeaderRequestMatcher [expectedHeaderName=X-Requested-With, expectedHeaderValue=XMLHttpRequest], And [Not [MediaTypeRequestMatcher [contentNegotiationStrategy=org.springframework.web.accept.ContentNegotiationManager@503900d7, matchingMediaTypes=[text/html], useEquals=false, ignoredMediaTypes=[]]], MediaTypeRequestMatcher [contentNegotiationStrategy=org.springframework.web.accept.ContentNegotiationManager@503900d7, matchingMediaTypes=[application/atom+xml, application/x-www-form-urlencoded, application/json, application/octet-stream, application/xml, multipart/form-data, text/xml], useEquals=false, ignoredMediaTypes=[*/*]]], MediaTypeRequestMatcher [contentNegotiationStrategy=org.springframework.web.accept.ContentNegotiationManager@503900d7, matchingMediaTypes=[*/*], useEquals=true, ignoredMediaTypes=[]]]
2026-09-22T09:02:00.692-03:00 DEBUG 8195 --- [api-java] [           main] s.w.a.DelegatingAuthenticationEntryPoint : Match found! Executing org.springframework.security.oauth2.server.resource.web.BearerTokenAuthenticationEntryPoint@404883c9
]]></system-out>
  </testcase>
  <testcase name="partialUpdateDoesNotResetSharedWhenOmitted" classname="dev.brunogusmao.api.todos.TodoControllerIT" time="0.02">
    <system-out><![CDATA[Hibernate: insert into users (created_at,email,image_url,name,updated_at,id) values (?,?,?,?,?,?)
Hibernate: insert into users (created_at,email,image_url,name,updated_at,id) values (?,?,?,?,?,?)
2026-09-22T09:02:00.700-03:00 DEBUG 8195 --- [api-java] [           main] o.s.security.web.FilterChainProxy        : Securing POST /api/todos
2026-09-22T09:02:00.700-03:00 DEBUG 8195 --- [api-java] [           main] o.s.s.o.s.r.a.JwtAuthenticationProvider  : Authenticated token
2026-09-22T09:02:00.700-03:00 DEBUG 8195 --- [api-java] [           main] .s.r.w.a.BearerTokenAuthenticationFilter : Set SecurityContextHolder to JwtAuthenticationToken [Principal=org.springframework.security.oauth2.server.resource.authentication.JwtAuthenticationConverter$JwtAuthenticatedPrincipal@26351755, Credentials=[PROTECTED], Authenticated=true, Details=WebAuthenticationDetails [RemoteIpAddress=127.0.0.1, SessionId=null], Granted Authorities=[FactorGrantedAuthority [authority=FACTOR_BEARER, issuedAt=2026-09-22T12:02:00.700872116Z]]]
2026-09-22T09:02:00.701-03:00 DEBUG 8195 --- [api-java] [           main] o.s.security.web.FilterChainProxy        : Secured POST /api/todos
Hibernate: select u1_0.id,u1_0.created_at,u1_0.email,u1_0.image_url,u1_0.name,u1_0.updated_at from users u1_0 where u1_0.id=?
Hibernate: insert into todos (created_at,description,done,owner_id,shared,title,updated_at,id) values (?,?,?,?,?,?,?,?)
2026-09-22T09:02:00.705-03:00 DEBUG 8195 --- [api-java] [           main] o.s.security.web.FilterChainProxy        : Securing PATCH /api/todos/04d81e93-aaaa-4b65-bf60-8bf2d358f96b
2026-09-22T09:02:00.706-03:00 DEBUG 8195 --- [api-java] [           main] o.s.s.o.s.r.a.JwtAuthenticationProvider  : Authenticated token
2026-09-22T09:02:00.706-03:00 DEBUG 8195 --- [api-java] [           main] .s.r.w.a.BearerTokenAuthenticationFilter : Set SecurityContextHolder to JwtAuthenticationToken [Principal=org.springframework.security.oauth2.server.resource.authentication.JwtAuthenticationConverter$JwtAuthenticatedPrincipal@26351755, Credentials=[PROTECTED], Authenticated=true, Details=WebAuthenticationDetails [RemoteIpAddress=127.0.0.1, SessionId=null], Granted Authorities=[FactorGrantedAuthority [authority=FACTOR_BEARER, issuedAt=2026-09-22T12:02:00.706373973Z]]]
2026-09-22T09:02:00.706-03:00 DEBUG 8195 --- [api-java] [           main] o.s.security.web.FilterChainProxy        : Secured PATCH /api/todos/04d81e93-aaaa-4b65-bf60-8bf2d358f96b
Hibernate: select t1_0.id,t1_0.created_at,t1_0.description,t1_0.done,t1_0.owner_id,t1_0.shared,t1_0.title,t1_0.updated_at from todos t1_0 where t1_0.id=?
Hibernate: update todos set description=?,done=?,owner_id=?,shared=?,title=?,updated_at=? where id=?
]]></system-out>
  </testcase>
  <testcase name="privateTodoIsForbiddenToOtherUserAndHiddenFromTheirListing" classname="dev.brunogusmao.api.todos.TodoControllerIT" time="0.038">
    <system-out><![CDATA[Hibernate: insert into users (created_at,email,image_url,name,updated_at,id) values (?,?,?,?,?,?)
Hibernate: insert into users (created_at,email,image_url,name,updated_at,id) values (?,?,?,?,?,?)
2026-09-22T09:02:00.720-03:00 DEBUG 8195 --- [api-java] [           main] o.s.security.web.FilterChainProxy        : Securing POST /api/todos
2026-09-22T09:02:00.721-03:00 DEBUG 8195 --- [api-java] [           main] o.s.s.o.s.r.a.JwtAuthenticationProvider  : Authenticated token
2026-09-22T09:02:00.721-03:00 DEBUG 8195 --- [api-java] [           main] .s.r.w.a.BearerTokenAuthenticationFilter : Set SecurityContextHolder to JwtAuthenticationToken [Principal=org.springframework.security.oauth2.server.resource.authentication.JwtAuthenticationConverter$JwtAuthenticatedPrincipal@30e6af2, Credentials=[PROTECTED], Authenticated=true, Details=WebAuthenticationDetails [RemoteIpAddress=127.0.0.1, SessionId=null], Granted Authorities=[FactorGrantedAuthority [authority=FACTOR_BEARER, issuedAt=2026-09-22T12:02:00.721414793Z]]]
2026-09-22T09:02:00.721-03:00 DEBUG 8195 --- [api-java] [           main] o.s.security.web.FilterChainProxy        : Secured POST /api/todos
Hibernate: select u1_0.id,u1_0.created_at,u1_0.email,u1_0.image_url,u1_0.name,u1_0.updated_at from users u1_0 where u1_0.id=?
Hibernate: insert into todos (created_at,description,done,owner_id,shared,title,updated_at,id) values (?,?,?,?,?,?,?,?)
2026-09-22T09:02:00.725-03:00 DEBUG 8195 --- [api-java] [           main] o.s.security.web.FilterChainProxy        : Securing GET /api/todos
2026-09-22T09:02:00.726-03:00 DEBUG 8195 --- [api-java] [           main] o.s.s.o.s.r.a.JwtAuthenticationProvider  : Authenticated token
2026-09-22T09:02:00.726-03:00 DEBUG 8195 --- [api-java] [           main] .s.r.w.a.BearerTokenAuthenticationFilter : Set SecurityContextHolder to JwtAuthenticationToken [Principal=org.springframework.security.oauth2.server.resource.authentication.JwtAuthenticationConverter$JwtAuthenticatedPrincipal@60df587e, Credentials=[PROTECTED], Authenticated=true, Details=WebAuthenticationDetails [RemoteIpAddress=127.0.0.1, SessionId=null], Granted Authorities=[FactorGrantedAuthority [authority=FACTOR_BEARER, issuedAt=2026-09-22T12:02:00.726353317Z]]]
2026-09-22T09:02:00.726-03:00 DEBUG 8195 --- [api-java] [           main] o.s.security.web.FilterChainProxy        : Secured GET /api/todos
Hibernate: select t1_0.id,t1_0.created_at,t1_0.description,t1_0.done,t1_0.owner_id,t1_0.shared,t1_0.title,t1_0.updated_at from todos t1_0 where t1_0.shared=true or t1_0.owner_id=? order by t1_0.created_at
2026-09-22T09:02:00.745-03:00 DEBUG 8195 --- [api-java] [           main] o.s.security.web.FilterChainProxy        : Securing PATCH /api/todos/49bd9fa1-24de-4491-aa48-964d6cffcff3
2026-09-22T09:02:00.745-03:00 DEBUG 8195 --- [api-java] [           main] o.s.s.o.s.r.a.JwtAuthenticationProvider  : Authenticated token
2026-09-22T09:02:00.745-03:00 DEBUG 8195 --- [api-java] [           main] .s.r.w.a.BearerTokenAuthenticationFilter : Set SecurityContextHolder to JwtAuthenticationToken [Principal=org.springframework.security.oauth2.server.resource.authentication.JwtAuthenticationConverter$JwtAuthenticatedPrincipal@60df587e, Credentials=[PROTECTED], Authenticated=true, Details=WebAuthenticationDetails [RemoteIpAddress=127.0.0.1, SessionId=null], Granted Authorities=[FactorGrantedAuthority [authority=FACTOR_BEARER, issuedAt=2026-09-22T12:02:00.745691646Z]]]
2026-09-22T09:02:00.745-03:00 DEBUG 8195 --- [api-java] [           main] o.s.security.web.FilterChainProxy        : Secured PATCH /api/todos/49bd9fa1-24de-4491-aa48-964d6cffcff3
Hibernate: select t1_0.id,t1_0.created_at,t1_0.description,t1_0.done,t1_0.owner_id,t1_0.shared,t1_0.title,t1_0.updated_at from todos t1_0 where t1_0.id=?
2026-09-22T09:02:00.749-03:00 DEBUG 8195 --- [api-java] [           main] o.s.security.web.FilterChainProxy        : Securing DELETE /api/todos/49bd9fa1-24de-4491-aa48-964d6cffcff3
2026-09-22T09:02:00.750-03:00 DEBUG 8195 --- [api-java] [           main] o.s.s.o.s.r.a.JwtAuthenticationProvider  : Authenticated token
2026-09-22T09:02:00.750-03:00 DEBUG 8195 --- [api-java] [           main] .s.r.w.a.BearerTokenAuthenticationFilter : Set SecurityContextHolder to JwtAuthenticationToken [Principal=org.springframework.security.oauth2.server.resource.authentication.JwtAuthenticationConverter$JwtAuthenticatedPrincipal@60df587e, Credentials=[PROTECTED], Authenticated=true, Details=WebAuthenticationDetails [RemoteIpAddress=127.0.0.1, SessionId=null], Granted Authorities=[FactorGrantedAuthority [authority=FACTOR_BEARER, issuedAt=2026-09-22T12:02:00.750206781Z]]]
2026-09-22T09:02:00.750-03:00 DEBUG 8195 --- [api-java] [           main] o.s.security.web.FilterChainProxy        : Secured DELETE /api/todos/49bd9fa1-24de-4491-aa48-964d6cffcff3
Hibernate: select t1_0.id,t1_0.created_at,t1_0.description,t1_0.done,t1_0.owner_id,t1_0.shared,t1_0.title,t1_0.updated_at from todos t1_0 where t1_0.id=?
]]></system-out>
  </testcase>
  <testcase name="updateNonExistentReturns404" classname="dev.brunogusmao.api.todos.TodoControllerIT" time="0.012">
    <system-out><![CDATA[Hibernate: insert into users (created_at,email,image_url,name,updated_at,id) values (?,?,?,?,?,?)
Hibernate: insert into users (created_at,email,image_url,name,updated_at,id) values (?,?,?,?,?,?)
2026-09-22T09:02:00.760-03:00 DEBUG 8195 --- [api-java] [           main] o.s.security.web.FilterChainProxy        : Securing PATCH /api/todos/b3d1ac0a-aa87-4f0c-aa02-54cfa903d5be
2026-09-22T09:02:00.761-03:00 DEBUG 8195 --- [api-java] [           main] o.s.s.o.s.r.a.JwtAuthenticationProvider  : Authenticated token
2026-09-22T09:02:00.761-03:00 DEBUG 8195 --- [api-java] [           main] .s.r.w.a.BearerTokenAuthenticationFilter : Set SecurityContextHolder to JwtAuthenticationToken [Principal=org.springframework.security.oauth2.server.resource.authentication.JwtAuthenticationConverter$JwtAuthenticatedPrincipal@cf76c355, Credentials=[PROTECTED], Authenticated=true, Details=WebAuthenticationDetails [RemoteIpAddress=127.0.0.1, SessionId=null], Granted Authorities=[FactorGrantedAuthority [authority=FACTOR_BEARER, issuedAt=2026-09-22T12:02:00.761568295Z]]]
2026-09-22T09:02:00.761-03:00 DEBUG 8195 --- [api-java] [           main] o.s.security.web.FilterChainProxy        : Secured PATCH /api/todos/b3d1ac0a-aa87-4f0c-aa02-54cfa903d5be
Hibernate: select t1_0.id,t1_0.created_at,t1_0.description,t1_0.done,t1_0.owner_id,t1_0.shared,t1_0.title,t1_0.updated_at from todos t1_0 where t1_0.id=?
]]></system-out>
  </testcase>
  <testcase name="sharedTodoIsVisibleAndMutableByAnyAuthenticatedUser" classname="dev.brunogusmao.api.todos.TodoControllerIT" time="0.026">
    <system-out><![CDATA[Hibernate: insert into users (created_at,email,image_url,name,updated_at,id) values (?,?,?,?,?,?)
Hibernate: insert into users (created_at,email,image_url,name,updated_at,id) values (?,?,?,?,?,?)
2026-09-22T09:02:00.772-03:00 DEBUG 8195 --- [api-java] [           main] o.s.security.web.FilterChainProxy        : Securing POST /api/todos
2026-09-22T09:02:00.773-03:00 DEBUG 8195 --- [api-java] [           main] o.s.s.o.s.r.a.JwtAuthenticationProvider  : Authenticated token
2026-09-22T09:02:00.773-03:00 DEBUG 8195 --- [api-java] [           main] .s.r.w.a.BearerTokenAuthenticationFilter : Set SecurityContextHolder to JwtAuthenticationToken [Principal=org.springframework.security.oauth2.server.resource.authentication.JwtAuthenticationConverter$JwtAuthenticatedPrincipal@42aa40ba, Credentials=[PROTECTED], Authenticated=true, Details=WebAuthenticationDetails [RemoteIpAddress=127.0.0.1, SessionId=null], Granted Authorities=[FactorGrantedAuthority [authority=FACTOR_BEARER, issuedAt=2026-09-22T12:02:00.773355198Z]]]
2026-09-22T09:02:00.773-03:00 DEBUG 8195 --- [api-java] [           main] o.s.security.web.FilterChainProxy        : Secured POST /api/todos
Hibernate: select u1_0.id,u1_0.created_at,u1_0.email,u1_0.image_url,u1_0.name,u1_0.updated_at from users u1_0 where u1_0.id=?
Hibernate: insert into todos (created_at,description,done,owner_id,shared,title,updated_at,id) values (?,?,?,?,?,?,?,?)
2026-09-22T09:02:00.778-03:00 DEBUG 8195 --- [api-java] [           main] o.s.security.web.FilterChainProxy        : Securing GET /api/todos
2026-09-22T09:02:00.779-03:00 DEBUG 8195 --- [api-java] [           main] o.s.s.o.s.r.a.JwtAuthenticationProvider  : Authenticated token
2026-09-22T09:02:00.779-03:00 DEBUG 8195 --- [api-java] [           main] .s.r.w.a.BearerTokenAuthenticationFilter : Set SecurityContextHolder to JwtAuthenticationToken [Principal=org.springframework.security.oauth2.server.resource.authentication.JwtAuthenticationConverter$JwtAuthenticatedPrincipal@89b136db, Credentials=[PROTECTED], Authenticated=true, Details=WebAuthenticationDetails [RemoteIpAddress=127.0.0.1, SessionId=null], Granted Authorities=[FactorGrantedAuthority [authority=FACTOR_BEARER, issuedAt=2026-09-22T12:02:00.779067141Z]]]
2026-09-22T09:02:00.779-03:00 DEBUG 8195 --- [api-java] [           main] o.s.security.web.FilterChainProxy        : Secured GET /api/todos
Hibernate: select t1_0.id,t1_0.created_at,t1_0.description,t1_0.done,t1_0.owner_id,t1_0.shared,t1_0.title,t1_0.updated_at from todos t1_0 where t1_0.shared=true or t1_0.owner_id=? order by t1_0.created_at
2026-09-22T09:02:00.783-03:00 DEBUG 8195 --- [api-java] [           main] o.s.security.web.FilterChainProxy        : Securing PATCH /api/todos/587022ef-4d33-480a-ad84-cb3d17951aad
2026-09-22T09:02:00.784-03:00 DEBUG 8195 --- [api-java] [           main] o.s.s.o.s.r.a.JwtAuthenticationProvider  : Authenticated token
2026-09-22T09:02:00.784-03:00 DEBUG 8195 --- [api-java] [           main] .s.r.w.a.BearerTokenAuthenticationFilter : Set SecurityContextHolder to JwtAuthenticationToken [Principal=org.springframework.security.oauth2.server.resource.authentication.JwtAuthenticationConverter$JwtAuthenticatedPrincipal@89b136db, Credentials=[PROTECTED], Authenticated=true, Details=WebAuthenticationDetails [RemoteIpAddress=127.0.0.1, SessionId=null], Granted Authorities=[FactorGrantedAuthority [authority=FACTOR_BEARER, issuedAt=2026-09-22T12:02:00.784130588Z]]]
2026-09-22T09:02:00.784-03:00 DEBUG 8195 --- [api-java] [           main] o.s.security.web.FilterChainProxy        : Secured PATCH /api/todos/587022ef-4d33-480a-ad84-cb3d17951aad
Hibernate: select t1_0.id,t1_0.created_at,t1_0.description,t1_0.done,t1_0.owner_id,t1_0.shared,t1_0.title,t1_0.updated_at from todos t1_0 where t1_0.id=?
Hibernate: update todos set description=?,done=?,owner_id=?,shared=?,title=?,updated_at=? where id=?
2026-09-22T09:02:00.788-03:00 DEBUG 8195 --- [api-java] [           main] o.s.security.web.FilterChainProxy        : Securing DELETE /api/todos/587022ef-4d33-480a-ad84-cb3d17951aad
2026-09-22T09:02:00.789-03:00 DEBUG 8195 --- [api-java] [           main] o.s.s.o.s.r.a.JwtAuthenticationProvider  : Authenticated token
2026-09-22T09:02:00.789-03:00 DEBUG 8195 --- [api-java] [           main] .s.r.w.a.BearerTokenAuthenticationFilter : Set SecurityContextHolder to JwtAuthenticationToken [Principal=org.springframework.security.oauth2.server.resource.authentication.JwtAuthenticationConverter$JwtAuthenticatedPrincipal@89b136db, Credentials=[PROTECTED], Authenticated=true, Details=WebAuthenticationDetails [RemoteIpAddress=127.0.0.1, SessionId=null], Granted Authorities=[FactorGrantedAuthority [authority=FACTOR_BEARER, issuedAt=2026-09-22T12:02:00.789406161Z]]]
2026-09-22T09:02:00.789-03:00 DEBUG 8195 --- [api-java] [           main] o.s.security.web.FilterChainProxy        : Secured DELETE /api/todos/587022ef-4d33-480a-ad84-cb3d17951aad
Hibernate: select t1_0.id,t1_0.created_at,t1_0.description,t1_0.done,t1_0.owner_id,t1_0.shared,t1_0.title,t1_0.updated_at from todos t1_0 where t1_0.id=?
Hibernate: delete from todos where id=?
]]></system-out>
  </testcase>
  <testcase name="deleteNonExistentReturns404" classname="dev.brunogusmao.api.todos.TodoControllerIT" time="0.008">
    <system-out><![CDATA[Hibernate: insert into users (created_at,email,image_url,name,updated_at,id) values (?,?,?,?,?,?)
Hibernate: insert into users (created_at,email,image_url,name,updated_at,id) values (?,?,?,?,?,?)
2026-09-22T09:02:00.798-03:00 DEBUG 8195 --- [api-java] [           main] o.s.security.web.FilterChainProxy        : Securing DELETE /api/todos/641e13c8-942d-4b87-a6a1-35334907a6e6
2026-09-22T09:02:00.799-03:00 DEBUG 8195 --- [api-java] [           main] o.s.s.o.s.r.a.JwtAuthenticationProvider  : Authenticated token
2026-09-22T09:02:00.799-03:00 DEBUG 8195 --- [api-java] [           main] .s.r.w.a.BearerTokenAuthenticationFilter : Set SecurityContextHolder to JwtAuthenticationToken [Principal=org.springframework.security.oauth2.server.resource.authentication.JwtAuthenticationConverter$JwtAuthenticatedPrincipal@cb2693ea, Credentials=[PROTECTED], Authenticated=true, Details=WebAuthenticationDetails [RemoteIpAddress=127.0.0.1, SessionId=null], Granted Authorities=[FactorGrantedAuthority [authority=FACTOR_BEARER, issuedAt=2026-09-22T12:02:00.799412453Z]]]
2026-09-22T09:02:00.799-03:00 DEBUG 8195 --- [api-java] [           main] o.s.security.web.FilterChainProxy        : Secured DELETE /api/todos/641e13c8-942d-4b87-a6a1-35334907a6e6
Hibernate: select t1_0.id,t1_0.created_at,t1_0.description,t1_0.done,t1_0.owner_id,t1_0.shared,t1_0.title,t1_0.updated_at from todos t1_0 where t1_0.id=?
]]></system-out>
  </testcase>
  <testcase name="privateTodoOwnerCanReadEditAndDelete" classname="dev.brunogusmao.api.todos.TodoControllerIT" time="0.024">
    <system-out><![CDATA[Hibernate: insert into users (created_at,email,image_url,name,updated_at,id) values (?,?,?,?,?,?)
Hibernate: insert into users (created_at,email,image_url,name,updated_at,id) values (?,?,?,?,?,?)
2026-09-22T09:02:00.808-03:00 DEBUG 8195 --- [api-java] [           main] o.s.security.web.FilterChainProxy        : Securing POST /api/todos
2026-09-22T09:02:00.808-03:00 DEBUG 8195 --- [api-java] [           main] o.s.s.o.s.r.a.JwtAuthenticationProvider  : Authenticated token
2026-09-22T09:02:00.808-03:00 DEBUG 8195 --- [api-java] [           main] .s.r.w.a.BearerTokenAuthenticationFilter : Set SecurityContextHolder to JwtAuthenticationToken [Principal=org.springframework.security.oauth2.server.resource.authentication.JwtAuthenticationConverter$JwtAuthenticatedPrincipal@b30d8378, Credentials=[PROTECTED], Authenticated=true, Details=WebAuthenticationDetails [RemoteIpAddress=127.0.0.1, SessionId=null], Granted Authorities=[FactorGrantedAuthority [authority=FACTOR_BEARER, issuedAt=2026-09-22T12:02:00.808757700Z]]]
2026-09-22T09:02:00.808-03:00 DEBUG 8195 --- [api-java] [           main] o.s.security.web.FilterChainProxy        : Secured POST /api/todos
Hibernate: select u1_0.id,u1_0.created_at,u1_0.email,u1_0.image_url,u1_0.name,u1_0.updated_at from users u1_0 where u1_0.id=?
Hibernate: insert into todos (created_at,description,done,owner_id,shared,title,updated_at,id) values (?,?,?,?,?,?,?,?)
2026-09-22T09:02:00.813-03:00 DEBUG 8195 --- [api-java] [           main] o.s.security.web.FilterChainProxy        : Securing GET /api/todos
2026-09-22T09:02:00.813-03:00 DEBUG 8195 --- [api-java] [           main] o.s.s.o.s.r.a.JwtAuthenticationProvider  : Authenticated token
2026-09-22T09:02:00.814-03:00 DEBUG 8195 --- [api-java] [           main] .s.r.w.a.BearerTokenAuthenticationFilter : Set SecurityContextHolder to JwtAuthenticationToken [Principal=org.springframework.security.oauth2.server.resource.authentication.JwtAuthenticationConverter$JwtAuthenticatedPrincipal@b30d8378, Credentials=[PROTECTED], Authenticated=true, Details=WebAuthenticationDetails [RemoteIpAddress=127.0.0.1, SessionId=null], Granted Authorities=[FactorGrantedAuthority [authority=FACTOR_BEARER, issuedAt=2026-09-22T12:02:00.813923430Z]]]
2026-09-22T09:02:00.814-03:00 DEBUG 8195 --- [api-java] [           main] o.s.security.web.FilterChainProxy        : Secured GET /api/todos
Hibernate: select t1_0.id,t1_0.created_at,t1_0.description,t1_0.done,t1_0.owner_id,t1_0.shared,t1_0.title,t1_0.updated_at from todos t1_0 where t1_0.shared=true or t1_0.owner_id=? order by t1_0.created_at
2026-09-22T09:02:00.818-03:00 DEBUG 8195 --- [api-java] [           main] o.s.security.web.FilterChainProxy        : Securing PATCH /api/todos/707ebb55-4130-45cd-8902-7ba13ff77133
2026-09-22T09:02:00.818-03:00 DEBUG 8195 --- [api-java] [           main] o.s.s.o.s.r.a.JwtAuthenticationProvider  : Authenticated token
2026-09-22T09:02:00.818-03:00 DEBUG 8195 --- [api-java] [           main] .s.r.w.a.BearerTokenAuthenticationFilter : Set SecurityContextHolder to JwtAuthenticationToken [Principal=org.springframework.security.oauth2.server.resource.authentication.JwtAuthenticationConverter$JwtAuthenticatedPrincipal@b30d8378, Credentials=[PROTECTED], Authenticated=true, Details=WebAuthenticationDetails [RemoteIpAddress=127.0.0.1, SessionId=null], Granted Authorities=[FactorGrantedAuthority [authority=FACTOR_BEARER, issuedAt=2026-09-22T12:02:00.818483876Z]]]
2026-09-22T09:02:00.818-03:00 DEBUG 8195 --- [api-java] [           main] o.s.security.web.FilterChainProxy        : Secured PATCH /api/todos/707ebb55-4130-45cd-8902-7ba13ff77133
Hibernate: select t1_0.id,t1_0.created_at,t1_0.description,t1_0.done,t1_0.owner_id,t1_0.shared,t1_0.title,t1_0.updated_at from todos t1_0 where t1_0.id=?
Hibernate: update todos set description=?,done=?,owner_id=?,shared=?,title=?,updated_at=? where id=?
2026-09-22T09:02:00.822-03:00 DEBUG 8195 --- [api-java] [           main] o.s.security.web.FilterChainProxy        : Securing DELETE /api/todos/707ebb55-4130-45cd-8902-7ba13ff77133
2026-09-22T09:02:00.823-03:00 DEBUG 8195 --- [api-java] [           main] o.s.s.o.s.r.a.JwtAuthenticationProvider  : Authenticated token
2026-09-22T09:02:00.823-03:00 DEBUG 8195 --- [api-java] [           main] .s.r.w.a.BearerTokenAuthenticationFilter : Set SecurityContextHolder to JwtAuthenticationToken [Principal=org.springframework.security.oauth2.server.resource.authentication.JwtAuthenticationConverter$JwtAuthenticatedPrincipal@b30d8378, Credentials=[PROTECTED], Authenticated=true, Details=WebAuthenticationDetails [RemoteIpAddress=127.0.0.1, SessionId=null], Granted Authorities=[FactorGrantedAuthority [authority=FACTOR_BEARER, issuedAt=2026-09-22T12:02:00.823108443Z]]]
2026-09-22T09:02:00.823-03:00 DEBUG 8195 --- [api-java] [           main] o.s.security.web.FilterChainProxy        : Secured DELETE /api/todos/707ebb55-4130-45cd-8902-7ba13ff77133
Hibernate: select t1_0.id,t1_0.created_at,t1_0.description,t1_0.done,t1_0.owner_id,t1_0.shared,t1_0.title,t1_0.updated_at from todos t1_0 where t1_0.id=?
Hibernate: delete from todos where id=?
]]></system-out>
  </testcase>
</testsuite>