<?xml version="1.0" encoding="UTF-8"?>
<testsuite xmlns:xsi="http://www.w3.org/2001/XMLSchema-instance" xsi:noNamespaceSchemaLocation="https://maven.apache.org/surefire/maven-failsafe-plugin/xsd/failsafe-test-report.xsd" version="3.0.2" name="dev.brunogusmao.api.posts.PostControllerIT" time="7.811" tests="9" errors="0" skipped="0" failures="0" flakes="0">
  <properties>
[...]
</properties>
  <testcase name="deleteOfUnknownIdReturnsNotFound" classname="dev.brunogusmao.api.posts.PostControllerIT" time="0.419">
    <system-out><![CDATA[09:01:39.535 [main] INFO org.testcontainers.images.PullPolicy -- Image pull policy will be performed by: DefaultPullPolicy()
09:01:39.538 [main] INFO org.testcontainers.utility.ImageNameSubstitutor -- Image name substitution will be performed by: DefaultImageNameSubstitutor (composite of 'ConfigurationFileImageNameSubstitutor' and 'PrefixingImageNameSubstitutor')
09:01:39.561 [main] INFO org.testcontainers.DockerClientFactory -- Testcontainers version: 2.0.5
09:01:39.737 [main] INFO org.testcontainers.dockerclient.DockerClientProviderStrategy -- Loaded org.testcontainers.dockerclient.UnixSocketClientProviderStrategy from ~/.testcontainers.properties, will try it first
09:01:40.037 [main] INFO org.testcontainers.dockerclient.DockerClientProviderStrategy -- Found Docker environment with local Unix socket (unix:///var/run/docker.sock)
09:01:40.038 [main] INFO org.testcontainers.DockerClientFactory -- Docker host IP address is localhost
09:01:40.051 [main] INFO org.testcontainers.DockerClientFactory -- Connected to docker: 
  Server Version: 29.8.0
  API Version: 1.56
  Operating System: Linux Mint 22.3
  Total Memory: 31877 MB
09:01:40.092 [main] INFO tc.testcontainers/ryuk:0.14.0 -- Creating container for image: testcontainers/ryuk:0.14.0
09:01:40.110 [main] INFO org.testcontainers.utility.RegistryAuthLocator -- Credential helper/store (docker-credential-desktop) does not have credentials for https://index.docker.io/v1/
09:01:40.247 [main] INFO tc.testcontainers/ryuk:0.14.0 -- Container testcontainers/ryuk:0.14.0 is starting: 83039b6b64f6d7d831454ededaab893fc91d4a62f98829a0287526d5325285ec
09:01:40.509 [main] INFO tc.testcontainers/ryuk:0.14.0 -- Container testcontainers/ryuk:0.14.0 started in PT0.416511579S
09:01:40.512 [main] INFO org.testcontainers.utility.RyukResourceReaper -- Ryuk started - will monitor and terminate Testcontainers containers on JVM exit
09:01:40.512 [main] INFO org.testcontainers.DockerClientFactory -- Checking the system...
09:01:40.513 [main] INFO org.testcontainers.DockerClientFactory -- ✔︎ Docker server version should be at least 1.6.0
09:01:40.513 [main] INFO tc.postgres:16-alpine -- Creating container for image: postgres:16-alpine
09:01:40.549 [main] INFO tc.postgres:16-alpine -- Container postgres:16-alpine is starting: f3bdfa6e0bf277181d4ad4abf3fe85395c89d64936b82c54e8623af31f6c83ed
09:01:41.843 [main] INFO tc.postgres:16-alpine -- Container postgres:16-alpine started in PT1.330185647S
09:01:41.844 [main] INFO tc.postgres:16-alpine -- Container is started (JDBC URL: jdbc:postgresql://localhost:32771/test?loggerLevel=OFF)
09:01:41.914 [main] INFO org.springframework.test.context.support.AnnotationConfigContextLoaderUtils -- Could not detect default configuration classes for test class [dev.brunogusmao.api.posts.PostControllerIT]: PostControllerIT does not declare any static, non-private, non-final, nested classes annotated with @Configuration.
09:01:42.007 [main] INFO org.springframework.boot.test.context.SpringBootTestContextBootstrapper -- Found @SpringBootConfiguration dev.brunogusmao.api.ApiApplication for test class dev.brunogusmao.api.posts.PostControllerIT
09:01:42.055 [main] INFO org.springframework.test.context.support.AnnotationConfigContextLoaderUtils -- Could not detect default configuration classes for test class [dev.brunogusmao.api.posts.PostControllerIT]: PostControllerIT does not declare any static, non-private, non-final, nested classes annotated with @Configuration.
09:01:42.058 [main] INFO org.springframework.boot.test.context.SpringBootTestContextBootstrapper -- Found @SpringBootConfiguration dev.brunogusmao.api.ApiApplication for test class dev.brunogusmao.api.posts.PostControllerIT

  .   ____          _            __ _ _
 /\\ / ___'_ __ _ _(_)_ __  __ _ \ \ \ \
( ( )\___ | '_ | '_| | '_ \/ _` | \ \ \ \
 \\/  ___)| |_)| | | | | || (_| |  ) ) ) )
  '  |____| .__|_| |_|_| |_\__, | / / / /
 =========|_|==============|___/=/_/_/_/

 :: Spring Boot ::                (v4.1.1)

2026-09-22T09:01:42.300-03:00  INFO 8195 --- [api-java] [           main] d.b.api.posts.PostControllerIT           : Starting PostControllerIT using Java 21.0.12.1 with PID 8195 (started by bruno in /home/bruno/Documentos/Projetos/bruno-gusmao/apps/api-java)
2026-09-22T09:01:42.305-03:00 DEBUG 8195 --- [api-java] [           main] d.b.api.posts.PostControllerIT           : Running with Spring Boot v4.1.1, Spring v7.0.9
2026-09-22T09:01:42.306-03:00  INFO 8195 --- [api-java] [           main] d.b.api.posts.PostControllerIT           : The following 1 profile is active: "dev"
2026-09-22T09:01:42.889-03:00  INFO 8195 --- [api-java] [           main] .s.d.r.c.RepositoryConfigurationDelegate : Bootstrapping Spring Data JPA repositories in DEFAULT mode.
2026-09-22T09:01:42.936-03:00  INFO 8195 --- [api-java] [           main] .s.d.r.c.RepositoryConfigurationDelegate : Finished Spring Data repository scanning in 40 ms. Found 7 JPA repository interfaces.
2026-09-22T09:01:43.665-03:00  INFO 8195 --- [api-java] [           main] org.flywaydb.core.FlywayExecutor         : Database: jdbc:postgresql://localhost:32771/test?loggerLevel=OFF (PostgreSQL 16.15)
2026-09-22T09:01:43.714-03:00  INFO 8195 --- [api-java] [           main] o.f.c.i.s.JdbcTableSchemaHistory         : Schema history table "public"."flyway_schema_history" does not exist yet
2026-09-22T09:01:43.717-03:00  INFO 8195 --- [api-java] [           main] o.f.core.internal.command.DbValidate     : Successfully validated 7 migrations (execution time 00:00.017s)
2026-09-22T09:01:43.728-03:00  INFO 8195 --- [api-java] [           main] o.f.c.i.s.JdbcTableSchemaHistory         : Creating Schema History table "public"."flyway_schema_history" ...
2026-09-22T09:01:43.776-03:00  INFO 8195 --- [api-java] [           main] o.f.core.internal.command.DbMigrate      : Current version of schema "public": << Empty Schema >>
2026-09-22T09:01:43.784-03:00  INFO 8195 --- [api-java] [           main] o.f.core.internal.command.DbMigrate      : Migrating schema "public" to version "1 - create users"
2026-09-22T09:01:43.807-03:00  INFO 8195 --- [api-java] [           main] o.f.core.internal.command.DbMigrate      : Migrating schema "public" to version "2 - create badges"
2026-09-22T09:01:43.819-03:00  INFO 8195 --- [api-java] [           main] o.f.core.internal.command.DbMigrate      : Migrating schema "public" to version "3 - create projects"
2026-09-22T09:01:43.833-03:00  INFO 8195 --- [api-java] [           main] o.f.core.internal.command.DbMigrate      : Migrating schema "public" to version "4 - create posts"
2026-09-22T09:01:43.846-03:00  INFO 8195 --- [api-java] [           main] o.f.core.internal.command.DbMigrate      : Migrating schema "public" to version "5 - create kanban tasks"
2026-09-22T09:01:43.856-03:00  INFO 8195 --- [api-java] [           main] o.f.core.internal.command.DbMigrate      : Migrating schema "public" to version "6 - create todos"
2026-09-22T09:01:43.867-03:00  INFO 8195 --- [api-java] [           main] o.f.core.internal.command.DbMigrate      : Migrating schema "public" to version "7 - create site settings"
2026-09-22T09:01:43.877-03:00  INFO 8195 --- [api-java] [           main] o.f.core.internal.command.DbMigrate      : Successfully applied 7 migrations to schema "public", now at version v7 (execution time 00:00.046s)
2026-09-22T09:01:43.949-03:00  INFO 8195 --- [api-java] [           main] org.hibernate.orm.jpa                    : HHH008540: Processing PersistenceUnitInfo [name: default]
2026-09-22T09:01:43.985-03:00  INFO 8195 --- [api-java] [           main] org.hibernate.orm.core                   : HHH000001: Hibernate ORM core version 7.4.5.Final
2026-09-22T09:01:44.224-03:00  INFO 8195 --- [api-java] [           main] o.s.o.j.p.SpringPersistenceUnitInfo      : No LoadTimeWeaver setup: ignoring JPA class transformer
2026-09-22T09:01:44.243-03:00  INFO 8195 --- [api-java] [           main] com.zaxxer.hikari.HikariDataSource       : HikariPool-1 - Starting...
2026-09-22T09:01:44.256-03:00  INFO 8195 --- [api-java] [           main] com.zaxxer.hikari.pool.HikariPool        : HikariPool-1 - Added connection org.postgresql.jdbc.PgConnection@5122387
2026-09-22T09:01:44.257-03:00  INFO 8195 --- [api-java] [           main] com.zaxxer.hikari.HikariDataSource       : HikariPool-1 - Start completed.
2026-09-22T09:01:44.296-03:00  INFO 8195 --- [api-java] [           main] org.hibernate.orm.connections.pooling    : HHH10001005: Database info:
	Database JDBC URL [jdbc:postgresql://localhost:32771/test?loggerLevel=OFF]
	Database driver: PostgreSQL JDBC Driver
	Database dialect: PostgreSQLDialect
	Database version: 16.15
	Default catalog/schema: test/public
	Autocommit mode: undefined/unknown
	Isolation level: READ_COMMITTED [default READ_COMMITTED]
	JDBC fetch size: none
	Pool: DataSourceConnectionProvider
	Minimum pool size: undefined/unknown
	Maximum pool size: undefined/unknown
2026-09-22T09:01:44.935-03:00  INFO 8195 --- [api-java] [           main] org.hibernate.orm.core                   : HHH000489: No JTA platform available (set 'hibernate.transaction.jta.platform' to enable JTA platform integration)
2026-09-22T09:01:44.973-03:00  INFO 8195 --- [api-java] [           main] j.LocalContainerEntityManagerFactoryBean : Initialized JPA EntityManagerFactory for persistence unit 'default'
2026-09-22T09:01:45.025-03:00  INFO 8195 --- [api-java] [           main] o.s.d.j.r.query.QueryEnhancerFactories   : Hibernate is in classpath; If applicable, HQL parser will be used.
2026-09-22T09:01:45.823-03:00 DEBUG 8195 --- [api-java] [           main] swordEncoderAuthenticationManagerBuilder : No authenticationProviders and no parentAuthenticationManager defined. Returning null.
2026-09-22T09:01:45.971-03:00 DEBUG 8195 --- [api-java] [           main] o.s.s.web.DefaultSecurityFilterChain     : Will secure any request with filters: DisableEncodeUrlFilter, WebAsyncManagerIntegrationFilter, SecurityContextHolderFilter, HeaderWriterFilter, CorsFilter, LogoutFilter, OAuth2AuthorizationRequestRedirectFilter, OAuth2ProtectedResourceMetadataFilter, OAuth2LoginAuthenticationFilter, DefaultResourcesFilter, DefaultLoginPageGeneratingFilter, DefaultLogoutPageGeneratingFilter, BearerTokenAuthenticationFilter, RequestCacheAwareFilter, SecurityContextHolderAwareRequestFilter, AnonymousAuthenticationFilter, SessionManagementFilter, ExceptionTranslationFilter, AuthorizationFilter
2026-09-22T09:01:46.328-03:00  INFO 8195 --- [api-java] [           main] d.b.api.posts.PostControllerIT           : Started PostControllerIT in 4.23 seconds (process running for 7.365)
2026-09-22T09:01:46.330-03:00  WARN 8195 --- [api-java] [           main] o.s.core.events.SpringDocAppInitializer  : SpringDoc /api-docs endpoint is enabled by default. To disable it in production, set the property 'springdoc.api-docs.enabled=false'
2026-09-22T09:01:46.331-03:00  WARN 8195 --- [api-java] [           main] o.s.core.events.SpringDocAppInitializer  : SpringDoc /docs endpoint is enabled by default. To disable it in production, set the property 'springdoc.swagger-ui.enabled=false'
2026-09-22T09:01:46.635-03:00  INFO 8195 --- [api-java] [           main] o.s.b.t.m.w.SpringBootMockServletContext : Initializing Spring TestDispatcherServlet ''
2026-09-22T09:01:46.635-03:00  INFO 8195 --- [api-java] [           main] o.s.t.web.servlet.TestDispatcherServlet  : Initializing Servlet ''
2026-09-22T09:01:46.636-03:00  INFO 8195 --- [api-java] [           main] o.s.t.web.servlet.TestDispatcherServlet  : Completed initialization in 1 ms
Hibernate: select p1_0.id,p1_0.badge1_id,p1_0.badge2_id,p1_0.badge3_id,p1_0.content,p1_0.created_at,p1_0.featured,p1_0.image_url,p1_0.kanban_status,p1_0.name,p1_0.slug,p1_0.summary,p1_0.updated_at,p1_0.visible from posts p1_0
2026-09-22T09:01:46.712-03:00 DEBUG 8195 --- [api-java] [           main] o.s.security.web.FilterChainProxy        : Securing DELETE /api/posts/ffbd330e-c9a5-4a16-9f6d-10d4ed2faeea
2026-09-22T09:01:46.716-03:00 DEBUG 8195 --- [api-java] [           main] o.s.security.web.FilterChainProxy        : Secured DELETE /api/posts/ffbd330e-c9a5-4a16-9f6d-10d4ed2faeea
Hibernate: select p1_0.id,p1_0.badge1_id,p1_0.badge2_id,p1_0.badge3_id,p1_0.content,p1_0.created_at,p1_0.featured,p1_0.image_url,p1_0.kanban_status,p1_0.name,p1_0.slug,p1_0.summary,p1_0.updated_at,p1_0.visible from posts p1_0 where p1_0.id=?
]]></system-out>
    <system-err><![CDATA[Mockito is currently self-attaching to enable the inline-mock-maker. This will no longer work in future releases of the JDK. Please add Mockito as an agent to your build as described in Mockito's documentation: https://javadoc.io/doc/org.mockito/mockito-core/latest/org.mockito/org/mockito/Mockito.html#0.3
WARNING: A Java agent has been loaded dynamically (/home/bruno/.m2/repository/net/bytebuddy/byte-buddy-agent/1.18.11/byte-buddy-agent-1.18.11.jar)
WARNING: If a serviceability tool is in use, please run with -XX:+EnableDynamicAgentLoading to hide this warning
WARNING: If a serviceability tool is not in use, please run with -Djdk.instrument.traceUsage for more information
WARNING: Dynamic loading of agents will be disallowed by default in a future release
]]></system-err>
  </testcase>
  <testcase name="createWithoutAuthIsUnauthorized" classname="dev.brunogusmao.api.posts.PostControllerIT" time="0.012">
    <system-out><![CDATA[2026-09-22T09:01:46.761-03:00  INFO 8195 --- [api-java] [           main] o.s.b.t.m.w.SpringBootMockServletContext : Initializing Spring TestDispatcherServlet ''
2026-09-22T09:01:46.761-03:00  INFO 8195 --- [api-java] [           main] o.s.t.web.servlet.TestDispatcherServlet  : Initializing Servlet ''
2026-09-22T09:01:46.762-03:00  INFO 8195 --- [api-java] [           main] o.s.t.web.servlet.TestDispatcherServlet  : Completed initialization in 1 ms
Hibernate: select p1_0.id,p1_0.badge1_id,p1_0.badge2_id,p1_0.badge3_id,p1_0.content,p1_0.created_at,p1_0.featured,p1_0.image_url,p1_0.kanban_status,p1_0.name,p1_0.slug,p1_0.summary,p1_0.updated_at,p1_0.visible from posts p1_0
2026-09-22T09:01:46.765-03:00 DEBUG 8195 --- [api-java] [           main] o.s.security.web.FilterChainProxy        : Securing POST /api/posts
2026-09-22T09:01:46.766-03:00 DEBUG 8195 --- [api-java] [           main] o.s.s.w.a.AnonymousAuthenticationFilter  : Set SecurityContextHolder to anonymous SecurityContext
2026-09-22T09:01:46.768-03:00 DEBUG 8195 --- [api-java] [           main] s.w.a.DelegatingAuthenticationEntryPoint : Trying to match using And [Not [RequestHeaderRequestMatcher [expectedHeaderName=X-Requested-With, expectedHeaderValue=XMLHttpRequest]], MediaTypeRequestMatcher [contentNegotiationStrategy=org.springframework.web.accept.ContentNegotiationManager@5b218570, matchingMediaTypes=[application/xhtml+xml, image/*, text/html, text/plain], useEquals=false, ignoredMediaTypes=[*/*]]]
2026-09-22T09:01:46.768-03:00 DEBUG 8195 --- [api-java] [           main] s.w.a.DelegatingAuthenticationEntryPoint : Trying to match using Or [org.springframework.security.config.annotation.web.configurers.oauth2.server.resource.OAuth2ResourceServerConfigurer$BearerTokenRequestMatcher@48c49c1a, RequestHeaderRequestMatcher [expectedHeaderName=X-Requested-With, expectedHeaderValue=XMLHttpRequest], And [Not [MediaTypeRequestMatcher [contentNegotiationStrategy=org.springframework.web.accept.ContentNegotiationManager@5b218570, matchingMediaTypes=[text/html], useEquals=false, ignoredMediaTypes=[]]], MediaTypeRequestMatcher [contentNegotiationStrategy=org.springframework.web.accept.ContentNegotiationManager@5b218570, matchingMediaTypes=[application/atom+xml, application/x-www-form-urlencoded, application/json, application/octet-stream, application/xml, multipart/form-data, text/xml], useEquals=false, ignoredMediaTypes=[*/*]]], MediaTypeRequestMatcher [contentNegotiationStrategy=org.springframework.web.accept.ContentNegotiationManager@5b218570, matchingMediaTypes=[*/*], useEquals=true, ignoredMediaTypes=[]]]
2026-09-22T09:01:46.769-03:00 DEBUG 8195 --- [api-java] [           main] s.w.a.DelegatingAuthenticationEntryPoint : Match found! Executing org.springframework.security.oauth2.server.resource.web.BearerTokenAuthenticationEntryPoint@74918273
]]></system-out>
  </testcase>
  <testcase name="publicListOnlyShowsVisiblePosts" classname="dev.brunogusmao.api.posts.PostControllerIT" time="0.111">
    <system-out><![CDATA[2026-09-22T09:01:46.774-03:00  INFO 8195 --- [api-java] [           main] o.s.b.t.m.w.SpringBootMockServletContext : Initializing Spring TestDispatcherServlet ''
2026-09-22T09:01:46.774-03:00  INFO 8195 --- [api-java] [           main] o.s.t.web.servlet.TestDispatcherServlet  : Initializing Servlet ''
2026-09-22T09:01:46.775-03:00  INFO 8195 --- [api-java] [           main] o.s.t.web.servlet.TestDispatcherServlet  : Completed initialization in 1 ms
Hibernate: select p1_0.id,p1_0.badge1_id,p1_0.badge2_id,p1_0.badge3_id,p1_0.content,p1_0.created_at,p1_0.featured,p1_0.image_url,p1_0.kanban_status,p1_0.name,p1_0.slug,p1_0.summary,p1_0.updated_at,p1_0.visible from posts p1_0
Hibernate: insert into posts (badge1_id,badge2_id,badge3_id,content,created_at,featured,image_url,kanban_status,name,slug,summary,updated_at,visible,id) values (?,?,?,?,?,?,?,?,?,?,?,?,?,?)
Hibernate: insert into posts (badge1_id,badge2_id,badge3_id,content,created_at,featured,image_url,kanban_status,name,slug,summary,updated_at,visible,id) values (?,?,?,?,?,?,?,?,?,?,?,?,?,?)
2026-09-22T09:01:46.814-03:00 DEBUG 8195 --- [api-java] [           main] o.s.security.web.FilterChainProxy        : Securing GET /api/posts
2026-09-22T09:01:46.815-03:00 DEBUG 8195 --- [api-java] [           main] o.s.s.w.a.AnonymousAuthenticationFilter  : Set SecurityContextHolder to anonymous SecurityContext
2026-09-22T09:01:46.815-03:00 DEBUG 8195 --- [api-java] [           main] o.s.security.web.FilterChainProxy        : Secured GET /api/posts
Hibernate: select p1_0.id,p1_0.badge1_id,p1_0.badge2_id,p1_0.badge3_id,p1_0.content,p1_0.created_at,p1_0.featured,p1_0.image_url,p1_0.kanban_status,p1_0.name,p1_0.slug,p1_0.summary,p1_0.updated_at,p1_0.visible from posts p1_0 where p1_0.visible=true order by p1_0.featured desc,p1_0.created_at
]]></system-out>
  </testcase>
  <testcase name="allRouteWithoutAuthIsUnauthorized" classname="dev.brunogusmao.api.posts.PostControllerIT" time="0.016">
    <system-out><![CDATA[2026-09-22T09:01:46.886-03:00  INFO 8195 --- [api-java] [           main] o.s.b.t.m.w.SpringBootMockServletContext : Initializing Spring TestDispatcherServlet ''
2026-09-22T09:01:46.886-03:00  INFO 8195 --- [api-java] [           main] o.s.t.web.servlet.TestDispatcherServlet  : Initializing Servlet ''
2026-09-22T09:01:46.887-03:00  INFO 8195 --- [api-java] [           main] o.s.t.web.servlet.TestDispatcherServlet  : Completed initialization in 1 ms
Hibernate: select p1_0.id,p1_0.badge1_id,p1_0.badge2_id,p1_0.badge3_id,p1_0.content,p1_0.created_at,p1_0.featured,p1_0.image_url,p1_0.kanban_status,p1_0.name,p1_0.slug,p1_0.summary,p1_0.updated_at,p1_0.visible from posts p1_0
Hibernate: delete from posts where id=?
Hibernate: delete from posts where id=?
2026-09-22T09:01:46.897-03:00 DEBUG 8195 --- [api-java] [           main] o.s.security.web.FilterChainProxy        : Securing GET /api/posts/all
2026-09-22T09:01:46.898-03:00 DEBUG 8195 --- [api-java] [           main] o.s.s.w.a.AnonymousAuthenticationFilter  : Set SecurityContextHolder to anonymous SecurityContext
2026-09-22T09:01:46.898-03:00 DEBUG 8195 --- [api-java] [           main] s.w.a.DelegatingAuthenticationEntryPoint : Trying to match using And [Not [RequestHeaderRequestMatcher [expectedHeaderName=X-Requested-With, expectedHeaderValue=XMLHttpRequest]], MediaTypeRequestMatcher [contentNegotiationStrategy=org.springframework.web.accept.ContentNegotiationManager@5b218570, matchingMediaTypes=[application/xhtml+xml, image/*, text/html, text/plain], useEquals=false, ignoredMediaTypes=[*/*]]]
2026-09-22T09:01:46.898-03:00 DEBUG 8195 --- [api-java] [           main] s.w.a.DelegatingAuthenticationEntryPoint : Trying to match using Or [org.springframework.security.config.annotation.web.configurers.oauth2.server.resource.OAuth2ResourceServerConfigurer$BearerTokenRequestMatcher@48c49c1a, RequestHeaderRequestMatcher [expectedHeaderName=X-Requested-With, expectedHeaderValue=XMLHttpRequest], And [Not [MediaTypeRequestMatcher [contentNegotiationStrategy=org.springframework.web.accept.ContentNegotiationManager@5b218570, matchingMediaTypes=[text/html], useEquals=false, ignoredMediaTypes=[]]], MediaTypeRequestMatcher [contentNegotiationStrategy=org.springframework.web.accept.ContentNegotiationManager@5b218570, matchingMediaTypes=[application/atom+xml, application/x-www-form-urlencoded, application/json, application/octet-stream, application/xml, multipart/form-data, text/xml], useEquals=false, ignoredMediaTypes=[*/*]]], MediaTypeRequestMatcher [contentNegotiationStrategy=org.springframework.web.accept.ContentNegotiationManager@5b218570, matchingMediaTypes=[*/*], useEquals=true, ignoredMediaTypes=[]]]
2026-09-22T09:01:46.899-03:00 DEBUG 8195 --- [api-java] [           main] s.w.a.DelegatingAuthenticationEntryPoint : Match found! Executing org.springframework.security.oauth2.server.resource.web.BearerTokenAuthenticationEntryPoint@74918273
]]></system-out>
  </testcase>
  <testcase name="findBySlugIsPublicAndReturnsThePost" classname="dev.brunogusmao.api.posts.PostControllerIT" time="0.037">
    <system-out><![CDATA[2026-09-22T09:01:46.902-03:00  INFO 8195 --- [api-java] [           main] o.s.b.t.m.w.SpringBootMockServletContext : Initializing Spring TestDispatcherServlet ''
2026-09-22T09:01:46.902-03:00  INFO 8195 --- [api-java] [           main] o.s.t.web.servlet.TestDispatcherServlet  : Initializing Servlet ''
2026-09-22T09:01:46.903-03:00  INFO 8195 --- [api-java] [           main] o.s.t.web.servlet.TestDispatcherServlet  : Completed initialization in 0 ms
Hibernate: select p1_0.id,p1_0.badge1_id,p1_0.badge2_id,p1_0.badge3_id,p1_0.content,p1_0.created_at,p1_0.featured,p1_0.image_url,p1_0.kanban_status,p1_0.name,p1_0.slug,p1_0.summary,p1_0.updated_at,p1_0.visible from posts p1_0
Hibernate: insert into posts (badge1_id,badge2_id,badge3_id,content,created_at,featured,image_url,kanban_status,name,slug,summary,updated_at,visible,id) values (?,?,?,?,?,?,?,?,?,?,?,?,?,?)
2026-09-22T09:01:46.909-03:00 DEBUG 8195 --- [api-java] [           main] o.s.security.web.FilterChainProxy        : Securing GET /api/posts/meu-artigo
2026-09-22T09:01:46.909-03:00 DEBUG 8195 --- [api-java] [           main] o.s.s.w.a.AnonymousAuthenticationFilter  : Set SecurityContextHolder to anonymous SecurityContext
2026-09-22T09:01:46.909-03:00 DEBUG 8195 --- [api-java] [           main] o.s.security.web.FilterChainProxy        : Secured GET /api/posts/meu-artigo
Hibernate: select p1_0.id,p1_0.badge1_id,p1_0.badge2_id,p1_0.badge3_id,p1_0.content,p1_0.created_at,p1_0.featured,p1_0.image_url,p1_0.kanban_status,p1_0.name,p1_0.slug,p1_0.summary,p1_0.updated_at,p1_0.visible from posts p1_0 where p1_0.slug=?
]]></system-out>
  </testcase>
  <testcase name="createWithAuthPersistsPost" classname="dev.brunogusmao.api.posts.PostControllerIT" time="0.1">
    <system-out><![CDATA[2026-09-22T09:01:46.942-03:00  INFO 8195 --- [api-java] [           main] o.s.b.t.m.w.SpringBootMockServletContext : Initializing Spring TestDispatcherServlet ''
2026-09-22T09:01:46.942-03:00  INFO 8195 --- [api-java] [           main] o.s.t.web.servlet.TestDispatcherServlet  : Initializing Servlet ''
2026-09-22T09:01:46.943-03:00  INFO 8195 --- [api-java] [           main] o.s.t.web.servlet.TestDispatcherServlet  : Completed initialization in 1 ms
Hibernate: select p1_0.id,p1_0.badge1_id,p1_0.badge2_id,p1_0.badge3_id,p1_0.content,p1_0.created_at,p1_0.featured,p1_0.image_url,p1_0.kanban_status,p1_0.name,p1_0.slug,p1_0.summary,p1_0.updated_at,p1_0.visible from posts p1_0
Hibernate: delete from posts where id=?
2026-09-22T09:01:46.948-03:00 DEBUG 8195 --- [api-java] [           main] o.s.security.web.FilterChainProxy        : Securing POST /api/posts
2026-09-22T09:01:46.949-03:00 DEBUG 8195 --- [api-java] [           main] o.s.security.web.FilterChainProxy        : Secured POST /api/posts
Hibernate: insert into posts (badge1_id,badge2_id,badge3_id,content,created_at,featured,image_url,kanban_status,name,slug,summary,updated_at,visible,id) values (?,?,?,?,?,?,?,?,?,?,?,?,?,?)
Hibernate: select p1_0.id,p1_0.badge1_id,p1_0.badge2_id,p1_0.badge3_id,p1_0.content,p1_0.created_at,p1_0.featured,p1_0.image_url,p1_0.kanban_status,p1_0.name,p1_0.slug,p1_0.summary,p1_0.updated_at,p1_0.visible from posts p1_0
]]></system-out>
  </testcase>
  <testcase name="findBySlugReturnsNotFoundWhenMissing" classname="dev.brunogusmao.api.posts.PostControllerIT" time="0.015">
    <system-out><![CDATA[2026-09-22T09:01:47.042-03:00  INFO 8195 --- [api-java] [           main] o.s.b.t.m.w.SpringBootMockServletContext : Initializing Spring TestDispatcherServlet ''
2026-09-22T09:01:47.043-03:00  INFO 8195 --- [api-java] [           main] o.s.t.web.servlet.TestDispatcherServlet  : Initializing Servlet ''
2026-09-22T09:01:47.044-03:00  INFO 8195 --- [api-java] [           main] o.s.t.web.servlet.TestDispatcherServlet  : Completed initialization in 0 ms
Hibernate: select p1_0.id,p1_0.badge1_id,p1_0.badge2_id,p1_0.badge3_id,p1_0.content,p1_0.created_at,p1_0.featured,p1_0.image_url,p1_0.kanban_status,p1_0.name,p1_0.slug,p1_0.summary,p1_0.updated_at,p1_0.visible from posts p1_0
Hibernate: delete from posts where id=?
2026-09-22T09:01:47.050-03:00 DEBUG 8195 --- [api-java] [           main] o.s.security.web.FilterChainProxy        : Securing GET /api/posts/nao-existe
2026-09-22T09:01:47.050-03:00 DEBUG 8195 --- [api-java] [           main] o.s.s.w.a.AnonymousAuthenticationFilter  : Set SecurityContextHolder to anonymous SecurityContext
2026-09-22T09:01:47.051-03:00 DEBUG 8195 --- [api-java] [           main] o.s.security.web.FilterChainProxy        : Secured GET /api/posts/nao-existe
Hibernate: select p1_0.id,p1_0.badge1_id,p1_0.badge2_id,p1_0.badge3_id,p1_0.content,p1_0.created_at,p1_0.featured,p1_0.image_url,p1_0.kanban_status,p1_0.name,p1_0.slug,p1_0.summary,p1_0.updated_at,p1_0.visible from posts p1_0 where p1_0.slug=?
]]></system-out>
  </testcase>
  <testcase name="patchOfUnknownIdReturnsNotFound" classname="dev.brunogusmao.api.posts.PostControllerIT" time="0.021">
    <system-out><![CDATA[2026-09-22T09:01:47.060-03:00  INFO 8195 --- [api-java] [           main] o.s.b.t.m.w.SpringBootMockServletContext : Initializing Spring TestDispatcherServlet ''
2026-09-22T09:01:47.060-03:00  INFO 8195 --- [api-java] [           main] o.s.t.web.servlet.TestDispatcherServlet  : Initializing Servlet ''
2026-09-22T09:01:47.061-03:00  INFO 8195 --- [api-java] [           main] o.s.t.web.servlet.TestDispatcherServlet  : Completed initialization in 1 ms
Hibernate: select p1_0.id,p1_0.badge1_id,p1_0.badge2_id,p1_0.badge3_id,p1_0.content,p1_0.created_at,p1_0.featured,p1_0.image_url,p1_0.kanban_status,p1_0.name,p1_0.slug,p1_0.summary,p1_0.updated_at,p1_0.visible from posts p1_0
2026-09-22T09:01:47.065-03:00 DEBUG 8195 --- [api-java] [           main] o.s.security.web.FilterChainProxy        : Securing PATCH /api/posts/1a74ccfb-2828-4d8b-81d7-4c49926c0e10
2026-09-22T09:01:47.065-03:00 DEBUG 8195 --- [api-java] [           main] o.s.security.web.FilterChainProxy        : Secured PATCH /api/posts/1a74ccfb-2828-4d8b-81d7-4c49926c0e10
Hibernate: select p1_0.id,p1_0.badge1_id,p1_0.badge2_id,p1_0.badge3_id,p1_0.content,p1_0.created_at,p1_0.featured,p1_0.image_url,p1_0.kanban_status,p1_0.name,p1_0.slug,p1_0.summary,p1_0.updated_at,p1_0.visible from posts p1_0 where p1_0.id=?
]]></system-out>
  </testcase>
  <testcase name="allRouteReturnsEveryPostRegardlessOfVisibilityAndIsNotConfusedWithASlug" classname="dev.brunogusmao.api.posts.PostControllerIT" time="0.027">
    <system-out><![CDATA[2026-09-22T09:01:47.083-03:00  INFO 8195 --- [api-java] [           main] o.s.b.t.m.w.SpringBootMockServletContext : Initializing Spring TestDispatcherServlet ''
2026-09-22T09:01:47.083-03:00  INFO 8195 --- [api-java] [           main] o.s.t.web.servlet.TestDispatcherServlet  : Initializing Servlet ''
2026-09-22T09:01:47.085-03:00  INFO 8195 --- [api-java] [           main] o.s.t.web.servlet.TestDispatcherServlet  : Completed initialization in 2 ms
Hibernate: select p1_0.id,p1_0.badge1_id,p1_0.badge2_id,p1_0.badge3_id,p1_0.content,p1_0.created_at,p1_0.featured,p1_0.image_url,p1_0.kanban_status,p1_0.name,p1_0.slug,p1_0.summary,p1_0.updated_at,p1_0.visible from posts p1_0
Hibernate: insert into posts (badge1_id,badge2_id,badge3_id,content,created_at,featured,image_url,kanban_status,name,slug,summary,updated_at,visible,id) values (?,?,?,?,?,?,?,?,?,?,?,?,?,?)
Hibernate: insert into posts (badge1_id,badge2_id,badge3_id,content,created_at,featured,image_url,kanban_status,name,slug,summary,updated_at,visible,id) values (?,?,?,?,?,?,?,?,?,?,?,?,?,?)
2026-09-22T09:01:47.096-03:00 DEBUG 8195 --- [api-java] [           main] o.s.security.web.FilterChainProxy        : Securing GET /api/posts/all
2026-09-22T09:01:47.096-03:00 DEBUG 8195 --- [api-java] [           main] o.s.security.web.FilterChainProxy        : Secured GET /api/posts/all
Hibernate: select p1_0.id,p1_0.badge1_id,p1_0.badge2_id,p1_0.badge3_id,p1_0.content,p1_0.created_at,p1_0.featured,p1_0.image_url,p1_0.kanban_status,p1_0.name,p1_0.slug,p1_0.summary,p1_0.updated_at,p1_0.visible from posts p1_0 order by p1_0.featured desc,p1_0.created_at
]]></system-out>
  </testcase>
</testsuite>